{"total": {"lines":{"total":370,"covered":341,"skipped":0,"pct":92.16},"statements":{"total":401,"covered":367,"skipped":0,"pct":91.52},"functions":{"total":52,"covered":49,"skipped":0,"pct":94.23},"branches":{"total":217,"covered":172,"skipped":0,"pct":79.26},"branchesTrue":{"total":0,"covered":0,"skipped":0,"pct":100}}
,"/Users/ricky/Dev/money-flow-backend/src/app.ts": {"lines":{"total":38,"covered":32,"skipped":0,"pct":84.21},"functions":{"total":5,"covered":2,"skipped":0,"pct":40},"statements":{"total":38,"covered":32,"skipped":0,"pct":84.21},"branches":{"total":8,"covered":7,"skipped":0,"pct":87.5}}
,"/Users/ricky/Dev/money-flow-backend/src/instrument.ts": {"lines":{"total":3,"covered":3,"skipped":0,"pct":100},"functions":{"total":0,"covered":0,"skipped":0,"pct":100},"statements":{"total":3,"covered":3,"skipped":0,"pct":100},"branches":{"total":4,"covered":3,"skipped":0,"pct":75}}
,"/Users/ricky/Dev/money-flow-backend/src/middleware/auth.ts": {"lines":{"total":12,"covered":12,"skipped":0,"pct":100},"functions":{"total":1,"covered":1,"skipped":0,"pct":100},"statements":{"total":13,"covered":13,"skipped":0,"pct":100},"branches":{"total":4,"covered":4,"skipped":0,"pct":100}}
,"/Users/ricky/Dev/money-flow-backend/src/models/Expense.ts": {"lines":{"total":4,"covered":4,"skipped":0,"pct":100},"functions":{"total":0,"covered":0,"skipped":0,"pct":100},"statements":{"total":4,"covered":4,"skipped":0,"pct":100},"branches":{"total":0,"covered":0,"skipped":0,"pct":100}}
,"/Users/ricky/Dev/money-flow-backend/src/models/NetWorth.ts": {"lines":{"total":8,"covered":8,"skipped":0,"pct":100},"functions":{"total":1,"covered":1,"skipped":0,"pct":100},"statements":{"total":8,"covered":8,"skipped":0,"pct":100},"branches":{"total":42,"covered":35,"skipped":0,"pct":83.33}}
,"/Users/ricky/Dev/money-flow-backend/src/models/User.ts": {"lines":{"total":11,"covered":11,"skipped":0,"pct":100},"functions":{"total":2,"covered":2,"skipped":0,"pct":100},"statements":{"total":12,"covered":11,"skipped":0,"pct":91.66},"branches":{"total":2,"covered":1,"skipped":0,"pct":50}}
,"/Users/ricky/Dev/money-flow-backend/src/routes/auth.ts": {"lines":{"total":39,"covered":35,"skipped":0,"pct":89.74},"functions":{"total":5,"covered":5,"skipped":0,"pct":100},"statements":{"total":39,"covered":35,"skipped":0,"pct":89.74},"branches":{"total":10,"covered":9,"skipped":0,"pct":90}}
,"/Users/ricky/Dev/money-flow-backend/src/routes/budgets.ts": {"lines":{"total":27,"covered":23,"skipped":0,"pct":85.18},"functions":{"total":5,"covered":5,"skipped":0,"pct":100},"statements":{"total":28,"covered":24,"skipped":0,"pct":85.71},"branches":{"total":6,"covered":4,"skipped":0,"pct":66.66}}
,"/Users/ricky/Dev/money-flow-backend/src/routes/expenses.ts": {"lines":{"total":76,"covered":71,"skipped":0,"pct":93.42},"functions":{"total":11,"covered":11,"skipped":0,"pct":100},"statements":{"total":92,"covered":83,"skipped":0,"pct":90.21},"branches":{"total":42,"covered":36,"skipped":0,"pct":85.71}}
,"/Users/ricky/Dev/money-flow-backend/src/routes/export.ts": {"lines":{"total":32,"covered":32,"skipped":0,"pct":100},"functions":{"total":5,"covered":5,"skipped":0,"pct":100},"statements":{"total":36,"covered":36,"skipped":0,"pct":100},"branches":{"total":31,"covered":23,"skipped":0,"pct":74.19}}
,"/Users/ricky/Dev/money-flow-backend/src/routes/import.ts": {"lines":{"total":72,"covered":65,"skipped":0,"pct":90.27},"functions":{"total":7,"covered":7,"skipped":0,"pct":100},"statements":{"total":75,"covered":68,"skipped":0,"pct":90.66},"branches":{"total":54,"covered":38,"skipped":0,"pct":70.37}}
,"/Users/ricky/Dev/money-flow-backend/src/routes/net-worth.ts": {"lines":{"total":48,"covered":45,"skipped":0,"pct":93.75},"functions":{"total":10,"covered":10,"skipped":0,"pct":100},"statements":{"total":53,"covered":50,"skipped":0,"pct":94.33},"branches":{"total":14,"covered":12,"skipped":0,"pct":85.71}}
}
