{"/Users/ricky/Dev/money-flow-backend/src/app.ts": {"path":"/Users/ricky/Dev/money-flow-backend/src/app.ts","statementMap":{"0":{"start":{"line":1,"column":0},"end":{"line":1,"column":22}},"1":{"start":{"line":2,"column":0},"end":{"line":2,"column":39}},"2":{"start":{"line":3,"column":0},"end":{"line":3,"column":67}},"3":{"start":{"line":4,"column":0},"end":{"line":4,"column":32}},"4":{"start":{"line":5,"column":0},"end":{"line":5,"column":24}},"5":{"start":{"line":6,"column":0},"end":{"line":6,"column":28}},"6":{"start":{"line":7,"column":0},"end":{"line":7,"column":39}},"7":{"start":{"line":8,"column":0},"end":{"line":8,"column":46}},"8":{"start":{"line":9,"column":0},"end":{"line":9,"column":44}},"9":{"start":{"line":10,"column":0},"end":{"line":10,"column":48}},"10":{"start":{"line":11,"column":0},"end":{"line":11,"column":43}},"11":{"start":{"line":12,"column":0},"end":{"line":12,"column":43}},"12":{"start":{"line":14,"column":0},"end":{"line":14,"column":16}},"13":{"start":{"line":16,"column":12},"end":{"line":16,"column":21}},"14":{"start":{"line":17,"column":13},"end":{"line":17,"column":37}},"15":{"start":{"line":18,"column":20},"end":{"line":18,"column":85}},"16":{"start":{"line":20,"column":0},"end":{"line":23,"column":4}},"17":{"start":{"line":24,"column":0},"end":{"line":24,"column":24}},"18":{"start":{"line":26,"column":0},"end":{"line":28,"column":3}},"19":{"start":{"line":27,"column":2},"end":{"line":27,"column":29}},"20":{"start":{"line":30,"column":0},"end":{"line":30,"column":29}},"21":{"start":{"line":31,"column":0},"end":{"line":31,"column":40}},"22":{"start":{"line":32,"column":0},"end":{"line":32,"column":38}},"23":{"start":{"line":33,"column":0},"end":{"line":33,"column":42}},"24":{"start":{"line":34,"column":0},"end":{"line":34,"column":37}},"25":{"start":{"line":35,"column":0},"end":{"line":35,"column":37}},"26":{"start":{"line":37,"column":0},"end":{"line":37,"column":37}},"27":{"start":{"line":41,"column":0},"end":{"line":44,"column":3}},"28":{"start":{"line":42,"column":2},"end":{"line":42,"column":27}},"29":{"start":{"line":43,"column":2},"end":{"line":43,"column":59}},"30":{"start":{"line":47,"column":0},"end":{"line":60,"column":null}},"31":{"start":{"line":48,"column":2},"end":{"line":59,"column":7}},"32":{"start":{"line":51,"column":6},"end":{"line":51,"column":42}},"33":{"start":{"line":52,"column":6},"end":{"line":54,"column":9}},"34":{"start":{"line":53,"column":8},"end":{"line":53,"column":54}},"35":{"start":{"line":57,"column":6},"end":{"line":57,"column":54}},"36":{"start":{"line":58,"column":6},"end":{"line":58,"column":22}},"37":{"start":{"line":62,"column":0},"end":{"line":62,"column":19}}},"fnMap":{"0":{"name":"(anonymous_7)","decl":{"start":{"line":26,"column":19},"end":{"line":26,"column":20}},"loc":{"start":{"line":26,"column":33},"end":{"line":28,"column":1}}},"1":{"name":"(anonymous_8)","decl":{"start":{"line":41,"column":8},"end":{"line":41,"column":9}},"loc":{"start":{"line":41,"column":74},"end":{"line":44,"column":1}}},"2":{"name":"(anonymous_9)","decl":{"start":{"line":50,"column":10},"end":{"line":50,"column":13}},"loc":{"start":{"line":50,"column":15},"end":{"line":55,"column":5}}},"3":{"name":"(anonymous_10)","decl":{"start":{"line":52,"column":23},"end":{"line":52,"column":26}},"loc":{"start":{"line":52,"column":28},"end":{"line":54,"column":7}}},"4":{"name":"(anonymous_11)","decl":{"start":{"line":56,"column":11},"end":{"line":56,"column":12}},"loc":{"start":{"line":56,"column":19},"end":{"line":59,"column":5}}}},"branchMap":{"0":{"loc":{"start":{"line":17,"column":13},"end":{"line":17,"column":37}},"type":"binary-expr","locations":[{"start":{"line":17,"column":13},"end":{"line":17,"column":29}},{"start":{"line":17,"column":33},"end":{"line":17,"column":37}}]},"1":{"loc":{"start":{"line":18,"column":20},"end":{"line":18,"column":85}},"type":"binary-expr","locations":[{"start":{"line":18,"column":20},"end":{"line":18,"column":43}},{"start":{"line":18,"column":47},"end":{"line":18,"column":85}}]},"2":{"loc":{"start":{"line":21,"column":10},"end":{"line":21,"column":61}},"type":"binary-expr","locations":[{"start":{"line":21,"column":10},"end":{"line":21,"column":34}},{"start":{"line":21,"column":38},"end":{"line":21,"column":61}}]},"3":{"loc":{"start":{"line":47,"column":0},"end":{"line":60,"column":null}},"type":"if","locations":[{"start":{"line":47,"column":0},"end":{"line":60,"column":null}},{"start":{},"end":{}}]}},"s":{"0":10,"1":10,"2":10,"3":10,"4":10,"5":10,"6":10,"7":10,"8":10,"9":10,"10":10,"11":10,"12":10,"13":10,"14":10,"15":10,"16":10,"17":10,"18":10,"19":1,"20":10,"21":10,"22":10,"23":10,"24":10,"25":10,"26":10,"27":10,"28":1,"29":1,"30":10,"31":0,"32":0,"33":0,"34":0,"35":0,"36":0,"37":10},"f":{"0":1,"1":1,"2":0,"3":0,"4":0},"b":{"0":[10,10],"1":[10,10],"2":[10,10],"3":[0,10]}}
,"/Users/ricky/Dev/money-flow-backend/src/instrument.ts": {"path":"/Users/ricky/Dev/money-flow-backend/src/instrument.ts","statementMap":{"0":{"start":{"line":1,"column":0},"end":{"line":1,"column":39}},"1":{"start":{"line":3,"column":0},"end":{"line":8,"column":null}},"2":{"start":{"line":4,"column":2},"end":{"line":7,"column":5}}},"fnMap":{},"branchMap":{"0":{"loc":{"start":{"line":3,"column":0},"end":{"line":8,"column":null}},"type":"if","locations":[{"start":{"line":3,"column":0},"end":{"line":8,"column":null}},{"start":{},"end":{}}]},"1":{"loc":{"start":{"line":6,"column":17},"end":{"line":6,"column":53}},"type":"binary-expr","locations":[{"start":{"line":6,"column":17},"end":{"line":6,"column":37}},{"start":{"line":6,"column":41},"end":{"line":6,"column":53}}]}},"s":{"0":12,"1":12,"2":1},"f":{},"b":{"0":[1,11],"1":[1,0]}}
,"/Users/ricky/Dev/money-flow-backend/src/middleware/auth.ts": {"path":"/Users/ricky/Dev/money-flow-backend/src/middleware/auth.ts","statementMap":{"0":{"start":{"line":2,"column":0},"end":{"line":2,"column":31}},"1":{"start":{"line":8,"column":23},"end":{"line":25,"column":1}},"2":{"start":{"line":9,"column":21},"end":{"line":9,"column":46}},"3":{"start":{"line":11,"column":2},"end":{"line":14,"column":null}},"4":{"start":{"line":12,"column":4},"end":{"line":12,"column":52}},"5":{"start":{"line":13,"column":4},"end":{"line":13,"column":11}},"6":{"start":{"line":16,"column":16},"end":{"line":16,"column":40}},"7":{"start":{"line":18,"column":2},"end":{"line":24,"column":null}},"8":{"start":{"line":19,"column":20},"end":{"line":19,"column":93}},"9":{"start":{"line":20,"column":4},"end":{"line":20,"column":32}},"10":{"start":{"line":21,"column":4},"end":{"line":21,"column":11}},"11":{"start":{"line":23,"column":4},"end":{"line":23,"column":64}},"12":{"start":{"line":8,"column":13},"end":{"line":8,"column":23}}},"fnMap":{"0":{"name":"(anonymous_1)","decl":{"start":{"line":8,"column":23},"end":{"line":8,"column":24}},"loc":{"start":{"line":8,"column":85},"end":{"line":25,"column":1}}}},"branchMap":{"0":{"loc":{"start":{"line":11,"column":2},"end":{"line":14,"column":null}},"type":"if","locations":[{"start":{"line":11,"column":2},"end":{"line":14,"column":null}},{"start":{},"end":{}}]},"1":{"loc":{"start":{"line":11,"column":6},"end":{"line":11,"column":54}},"type":"binary-expr","locations":[{"start":{"line":11,"column":6},"end":{"line":11,"column":17}},{"start":{"line":11,"column":21},"end":{"line":11,"column":54}}]}},"s":{"0":10,"1":10,"2":81,"3":81,"4":5,"5":5,"6":76,"7":76,"8":76,"9":74,"10":74,"11":2,"12":10},"f":{"0":81},"b":{"0":[5,76],"1":[81,76]}}
,"/Users/ricky/Dev/money-flow-backend/src/models/Expense.ts": {"path":"/Users/ricky/Dev/money-flow-backend/src/models/Expense.ts","statementMap":{"0":{"start":{"line":1,"column":0},"end":{"line":1,"column":46}},"1":{"start":{"line":21,"column":22},"end":{"line":39,"column":null}},"2":{"start":{"line":42,"column":13},"end":{"line":42,"column":79}},"3":{"start":{"line":43,"column":0},"end":{"line":43,"column":28}}},"fnMap":{},"branchMap":{},"s":{"0":10,"1":10,"2":10,"3":10},"f":{},"b":{}}
,"/Users/ricky/Dev/money-flow-backend/src/models/NetWorth.ts": {"path":"/Users/ricky/Dev/money-flow-backend/src/models/NetWorth.ts","statementMap":{"0":{"start":{"line":1,"column":0},"end":{"line":1,"column":32}},"1":{"start":{"line":20,"column":23},"end":{"line":36,"column":null}},"2":{"start":{"line":40,"column":0},"end":{"line":53,"column":3}},"3":{"start":{"line":42,"column":4},"end":{"line":45,"column":29}},"4":{"start":{"line":48,"column":4},"end":{"line":50,"column":34}},"5":{"start":{"line":52,"column":3},"end":{"line":52,"column":58}},"6":{"start":{"line":55,"column":13},"end":{"line":55,"column":91}},"7":{"start":{"line":56,"column":0},"end":{"line":56,"column":29}}},"fnMap":{"0":{"name":"(anonymous_1)","decl":{"start":{"line":40,"column":27},"end":{"line":40,"column":null}},"loc":{"start":{"line":40,"column":27},"end":{"line":53,"column":1}}}},"branchMap":{"0":{"loc":{"start":{"line":42,"column":5},"end":{"line":42,"column":27}},"type":"binary-expr","locations":[{"start":{"line":42,"column":5},"end":{"line":42,"column":22}},{"start":{"line":42,"column":26},"end":{"line":42,"column":27}}]},"1":{"loc":{"start":{"line":42,"column":5},"end":{"line":42,"column":22}},"type":"cond-expr","locations":[{"start":{"line":42,"column":16},"end":{"line":42,"column":18}},{"start":{"line":42,"column":16},"end":{"line":42,"column":22}}]},"2":{"loc":{"start":{"line":42,"column":5},"end":{"line":42,"column":18}},"type":"binary-expr","locations":[{"start":{"line":42,"column":5},"end":{"line":42,"column":18}},{"start":{"line":42,"column":16},"end":{"line":42,"column":18}}]},"3":{"loc":{"start":{"line":43,"column":5},"end":{"line":43,"column":34}},"type":"binary-expr","locations":[{"start":{"line":43,"column":5},"end":{"line":43,"column":29}},{"start":{"line":43,"column":33},"end":{"line":43,"column":34}}]},"4":{"loc":{"start":{"line":43,"column":5},"end":{"line":43,"column":29}},"type":"cond-expr","locations":[{"start":{"line":43,"column":16},"end":{"line":43,"column":18}},{"start":{"line":43,"column":16},"end":{"line":43,"column":29}}]},"5":{"loc":{"start":{"line":43,"column":5},"end":{"line":43,"column":18}},"type":"binary-expr","locations":[{"start":{"line":43,"column":5},"end":{"line":43,"column":18}},{"start":{"line":43,"column":16},"end":{"line":43,"column":18}}]},"6":{"loc":{"start":{"line":44,"column":5},"end":{"line":44,"column":31}},"type":"binary-expr","locations":[{"start":{"line":44,"column":5},"end":{"line":44,"column":26}},{"start":{"line":44,"column":30},"end":{"line":44,"column":31}}]},"7":{"loc":{"start":{"line":44,"column":5},"end":{"line":44,"column":26}},"type":"cond-expr","locations":[{"start":{"line":44,"column":16},"end":{"line":44,"column":18}},{"start":{"line":44,"column":16},"end":{"line":44,"column":26}}]},"8":{"loc":{"start":{"line":44,"column":5},"end":{"line":44,"column":18}},"type":"binary-expr","locations":[{"start":{"line":44,"column":5},"end":{"line":44,"column":18}},{"start":{"line":44,"column":16},"end":{"line":44,"column":18}}]},"9":{"loc":{"start":{"line":45,"column":5},"end":{"line":45,"column":28}},"type":"binary-expr","locations":[{"start":{"line":45,"column":5},"end":{"line":45,"column":23}},{"start":{"line":45,"column":27},"end":{"line":45,"column":28}}]},"10":{"loc":{"start":{"line":45,"column":5},"end":{"line":45,"column":23}},"type":"cond-expr","locations":[{"start":{"line":45,"column":16},"end":{"line":45,"column":18}},{"start":{"line":45,"column":16},"end":{"line":45,"column":23}}]},"11":{"loc":{"start":{"line":45,"column":5},"end":{"line":45,"column":18}},"type":"binary-expr","locations":[{"start":{"line":45,"column":5},"end":{"line":45,"column":18}},{"start":{"line":45,"column":16},"end":{"line":45,"column":18}}]},"12":{"loc":{"start":{"line":48,"column":5},"end":{"line":48,"column":33}},"type":"binary-expr","locations":[{"start":{"line":48,"column":5},"end":{"line":48,"column":28}},{"start":{"line":48,"column":32},"end":{"line":48,"column":33}}]},"13":{"loc":{"start":{"line":48,"column":5},"end":{"line":48,"column":28}},"type":"cond-expr","locations":[{"start":{"line":48,"column":21},"end":{"line":48,"column":23}},{"start":{"line":48,"column":21},"end":{"line":48,"column":28}}]},"14":{"loc":{"start":{"line":48,"column":5},"end":{"line":48,"column":23}},"type":"binary-expr","locations":[{"start":{"line":48,"column":5},"end":{"line":48,"column":23}},{"start":{"line":48,"column":21},"end":{"line":48,"column":23}}]},"15":{"loc":{"start":{"line":49,"column":5},"end":{"line":49,"column":42}},"type":"binary-expr","locations":[{"start":{"line":49,"column":5},"end":{"line":49,"column":37}},{"start":{"line":49,"column":41},"end":{"line":49,"column":42}}]},"16":{"loc":{"start":{"line":49,"column":5},"end":{"line":49,"column":37}},"type":"cond-expr","locations":[{"start":{"line":49,"column":21},"end":{"line":49,"column":23}},{"start":{"line":49,"column":21},"end":{"line":49,"column":37}}]},"17":{"loc":{"start":{"line":49,"column":5},"end":{"line":49,"column":23}},"type":"binary-expr","locations":[{"start":{"line":49,"column":5},"end":{"line":49,"column":23}},{"start":{"line":49,"column":21},"end":{"line":49,"column":23}}]},"18":{"loc":{"start":{"line":50,"column":5},"end":{"line":50,"column":33}},"type":"binary-expr","locations":[{"start":{"line":50,"column":5},"end":{"line":50,"column":28}},{"start":{"line":50,"column":32},"end":{"line":50,"column":33}}]},"19":{"loc":{"start":{"line":50,"column":5},"end":{"line":50,"column":28}},"type":"cond-expr","locations":[{"start":{"line":50,"column":21},"end":{"line":50,"column":23}},{"start":{"line":50,"column":21},"end":{"line":50,"column":28}}]},"20":{"loc":{"start":{"line":50,"column":5},"end":{"line":50,"column":23}},"type":"binary-expr","locations":[{"start":{"line":50,"column":5},"end":{"line":50,"column":23}},{"start":{"line":50,"column":21},"end":{"line":50,"column":23}}]}},"s":{"0":11,"1":11,"2":11,"3":6,"4":6,"5":6,"6":11,"7":11},"f":{"0":6},"b":{"0":[6,1],"1":[0,6],"2":[6,6],"3":[6,5],"4":[0,6],"5":[6,6],"6":[6,5],"7":[0,6],"8":[6,6],"9":[6,5],"10":[0,6],"11":[6,6],"12":[6,4],"13":[0,6],"14":[6,6],"15":[6,5],"16":[0,6],"17":[6,6],"18":[6,5],"19":[0,6],"20":[6,6]}}
,"/Users/ricky/Dev/money-flow-backend/src/models/User.ts": {"path":"/Users/ricky/Dev/money-flow-backend/src/models/User.ts","statementMap":{"0":{"start":{"line":1,"column":0},"end":{"line":1,"column":46}},"1":{"start":{"line":2,"column":0},"end":{"line":2,"column":30}},"2":{"start":{"line":17,"column":19},"end":{"line":23,"column":null}},"3":{"start":{"line":26,"column":0},"end":{"line":30,"column":3}},"4":{"start":{"line":27,"column":2},"end":{"line":27,"column":50}},"5":{"start":{"line":27,"column":36},"end":{"line":27,"column":50}},"6":{"start":{"line":28,"column":2},"end":{"line":28,"column":55}},"7":{"start":{"line":29,"column":2},"end":{"line":29,"column":9}},"8":{"start":{"line":32,"column":0},"end":{"line":34,"column":2}},"9":{"start":{"line":33,"column":2},"end":{"line":33,"column":50}},"10":{"start":{"line":36,"column":13},"end":{"line":36,"column":67}},"11":{"start":{"line":37,"column":0},"end":{"line":37,"column":25}}},"fnMap":{"0":{"name":"(anonymous_8)","decl":{"start":{"line":26,"column":23},"end":{"line":26,"column":39}},"loc":{"start":{"line":26,"column":43},"end":{"line":30,"column":2}}},"1":{"name":"(anonymous_10)","decl":{"start":{"line":32,"column":37},"end":{"line":32,"column":53}},"loc":{"start":{"line":32,"column":70},"end":{"line":34,"column":2}}}},"branchMap":{"0":{"loc":{"start":{"line":27,"column":2},"end":{"line":27,"column":50}},"type":"if","locations":[{"start":{"line":27,"column":2},"end":{"line":27,"column":50}},{"start":{},"end":{}}]}},"s":{"0":10,"1":10,"2":10,"3":10,"4":11,"5":0,"6":11,"7":11,"8":10,"9":2,"10":10,"11":10},"f":{"0":11,"1":2},"b":{"0":[0,11]}}
,"/Users/ricky/Dev/money-flow-backend/src/routes/auth.ts": {"path":"/Users/ricky/Dev/money-flow-backend/src/routes/auth.ts","statementMap":{"0":{"start":{"line":1,"column":0},"end":{"line":1,"column":52}},"1":{"start":{"line":2,"column":0},"end":{"line":2,"column":31}},"2":{"start":{"line":3,"column":0},"end":{"line":3,"column":59}},"3":{"start":{"line":4,"column":0},"end":{"line":4,"column":39}},"4":{"start":{"line":6,"column":15},"end":{"line":6,"column":23}},"5":{"start":{"line":8,"column":18},"end":{"line":9,"column":77}},"6":{"start":{"line":9,"column":2},"end":{"line":9,"column":77}},"7":{"start":{"line":12,"column":0},"end":{"line":39,"column":2}},"8":{"start":{"line":18,"column":40},"end":{"line":38,"column":null}},"9":{"start":{"line":19,"column":19},"end":{"line":19,"column":40}},"10":{"start":{"line":20,"column":4},"end":{"line":23,"column":null}},"11":{"start":{"line":21,"column":6},"end":{"line":21,"column":61}},"12":{"start":{"line":22,"column":6},"end":{"line":22,"column":13}},"13":{"start":{"line":25,"column":4},"end":{"line":37,"column":null}},"14":{"start":{"line":26,"column":34},"end":{"line":26,"column":81}},"15":{"start":{"line":27,"column":23},"end":{"line":27,"column":57}},"16":{"start":{"line":28,"column":6},"end":{"line":31,"column":null}},"17":{"start":{"line":29,"column":8},"end":{"line":29,"column":68}},"18":{"start":{"line":30,"column":8},"end":{"line":30,"column":15}},"19":{"start":{"line":32,"column":19},"end":{"line":32,"column":62}},"20":{"start":{"line":33,"column":20},"end":{"line":33,"column":48}},"21":{"start":{"line":34,"column":6},"end":{"line":34,"column":38}},"22":{"start":{"line":36,"column":6},"end":{"line":36,"column":61}},"23":{"start":{"line":42,"column":0},"end":{"line":68,"column":2}},"24":{"start":{"line":48,"column":40},"end":{"line":67,"column":null}},"25":{"start":{"line":49,"column":19},"end":{"line":49,"column":40}},"26":{"start":{"line":50,"column":4},"end":{"line":53,"column":null}},"27":{"start":{"line":51,"column":6},"end":{"line":51,"column":61}},"28":{"start":{"line":52,"column":6},"end":{"line":52,"column":13}},"29":{"start":{"line":55,"column":4},"end":{"line":66,"column":null}},"30":{"start":{"line":56,"column":34},"end":{"line":56,"column":81}},"31":{"start":{"line":57,"column":19},"end":{"line":57,"column":53}},"32":{"start":{"line":58,"column":6},"end":{"line":61,"column":null}},"33":{"start":{"line":59,"column":8},"end":{"line":59,"column":69}},"34":{"start":{"line":60,"column":8},"end":{"line":60,"column":15}},"35":{"start":{"line":62,"column":20},"end":{"line":62,"column":48}},"36":{"start":{"line":63,"column":6},"end":{"line":63,"column":26}},"37":{"start":{"line":65,"column":6},"end":{"line":65,"column":54}},"38":{"start":{"line":70,"column":0},"end":{"line":70,"column":22}}},"fnMap":{"0":{"name":"(anonymous_8)","decl":{"start":{"line":8,"column":18},"end":{"line":8,"column":19}},"loc":{"start":{"line":9,"column":2},"end":{"line":9,"column":77}}},"1":{"name":"(anonymous_9)","decl":{"start":{"line":18,"column":2},"end":{"line":18,"column":9}},"loc":{"start":{"line":18,"column":40},"end":{"line":38,"column":null}}},"2":{"name":"(anonymous_10)","decl":{"start":{"line":18,"column":40},"end":{"line":18,"column":null}},"loc":{"start":{"line":18,"column":40},"end":{"line":38,"column":3}}},"3":{"name":"(anonymous_11)","decl":{"start":{"line":48,"column":2},"end":{"line":48,"column":9}},"loc":{"start":{"line":48,"column":40},"end":{"line":67,"column":null}}},"4":{"name":"(anonymous_12)","decl":{"start":{"line":48,"column":40},"end":{"line":48,"column":null}},"loc":{"start":{"line":48,"column":40},"end":{"line":67,"column":3}}}},"branchMap":{"0":{"loc":{"start":{"line":20,"column":4},"end":{"line":23,"column":null}},"type":"if","locations":[{"start":{"line":20,"column":4},"end":{"line":23,"column":null}},{"start":{},"end":{}}]},"1":{"loc":{"start":{"line":28,"column":6},"end":{"line":31,"column":null}},"type":"if","locations":[{"start":{"line":28,"column":6},"end":{"line":31,"column":null}},{"start":{},"end":{}}]},"2":{"loc":{"start":{"line":50,"column":4},"end":{"line":53,"column":null}},"type":"if","locations":[{"start":{"line":50,"column":4},"end":{"line":53,"column":null}},{"start":{},"end":{}}]},"3":{"loc":{"start":{"line":58,"column":6},"end":{"line":61,"column":null}},"type":"if","locations":[{"start":{"line":58,"column":6},"end":{"line":61,"column":null}},{"start":{},"end":{}}]},"4":{"loc":{"start":{"line":58,"column":10},"end":{"line":58,"column":58}},"type":"binary-expr","locations":[{"start":{"line":58,"column":10},"end":{"line":58,"column":15}},{"start":{"line":58,"column":19},"end":{"line":58,"column":58}}]}},"s":{"0":10,"1":10,"2":10,"3":10,"4":10,"5":10,"6":6,"7":10,"8":8,"9":8,"10":8,"11":2,"12":2,"13":6,"14":6,"15":6,"16":6,"17":1,"18":1,"19":5,"20":5,"21":5,"22":0,"23":10,"24":3,"25":3,"26":3,"27":0,"28":0,"29":3,"30":3,"31":3,"32":3,"33":2,"34":2,"35":1,"36":1,"37":0,"38":10},"f":{"0":6,"1":8,"2":8,"3":3,"4":3},"b":{"0":[2,6],"1":[1,5],"2":[0,3],"3":[2,1],"4":[3,2]}}
,"/Users/ricky/Dev/money-flow-backend/src/routes/budgets.ts": {"path":"/Users/ricky/Dev/money-flow-backend/src/routes/budgets.ts","statementMap":{"0":{"start":{"line":1,"column":0},"end":{"line":1,"column":43}},"1":{"start":{"line":2,"column":0},"end":{"line":2,"column":59}},"2":{"start":{"line":3,"column":0},"end":{"line":3,"column":39}},"3":{"start":{"line":4,"column":0},"end":{"line":4,"column":58}},"4":{"start":{"line":6,"column":15},"end":{"line":6,"column":23}},"5":{"start":{"line":8,"column":0},"end":{"line":8,"column":20}},"6":{"start":{"line":11,"column":0},"end":{"line":22,"column":3}},"7":{"start":{"line":11,"column":58},"end":{"line":22,"column":2}},"8":{"start":{"line":12,"column":2},"end":{"line":21,"column":null}},"9":{"start":{"line":13,"column":17},"end":{"line":13,"column":60}},"10":{"start":{"line":14,"column":4},"end":{"line":17,"column":null}},"11":{"start":{"line":15,"column":6},"end":{"line":15,"column":56}},"12":{"start":{"line":16,"column":6},"end":{"line":16,"column":13}},"13":{"start":{"line":18,"column":4},"end":{"line":18,"column":46}},"14":{"start":{"line":20,"column":4},"end":{"line":20,"column":63}},"15":{"start":{"line":25,"column":0},"end":{"line":48,"column":2}},"16":{"start":{"line":32,"column":44},"end":{"line":47,"column":null}},"17":{"start":{"line":33,"column":19},"end":{"line":33,"column":40}},"18":{"start":{"line":34,"column":4},"end":{"line":37,"column":null}},"19":{"start":{"line":35,"column":6},"end":{"line":35,"column":61}},"20":{"start":{"line":36,"column":6},"end":{"line":36,"column":13}},"21":{"start":{"line":38,"column":4},"end":{"line":46,"column":null}},"22":{"start":{"line":39,"column":23},"end":{"line":40,"column":null}},"23":{"start":{"line":40,"column":15},"end":{"line":40,"column":26}},"24":{"start":{"line":42,"column":6},"end":{"line":42,"column":75}},"25":{"start":{"line":43,"column":6},"end":{"line":43,"column":28}},"26":{"start":{"line":45,"column":6},"end":{"line":45,"column":66}},"27":{"start":{"line":50,"column":0},"end":{"line":50,"column":22}}},"fnMap":{"0":{"name":"(anonymous_8)","decl":{"start":{"line":11,"column":16},"end":{"line":11,"column":23}},"loc":{"start":{"line":11,"column":58},"end":{"line":22,"column":2}}},"1":{"name":"(anonymous_9)","decl":{"start":{"line":11,"column":58},"end":{"line":11,"column":null}},"loc":{"start":{"line":11,"column":58},"end":{"line":22,"column":1}}},"2":{"name":"(anonymous_10)","decl":{"start":{"line":32,"column":2},"end":{"line":32,"column":9}},"loc":{"start":{"line":32,"column":44},"end":{"line":47,"column":null}}},"3":{"name":"(anonymous_11)","decl":{"start":{"line":32,"column":44},"end":{"line":32,"column":null}},"loc":{"start":{"line":32,"column":44},"end":{"line":47,"column":3}}},"4":{"name":"(anonymous_12)","decl":{"start":{"line":40,"column":8},"end":{"line":40,"column":9}},"loc":{"start":{"line":40,"column":15},"end":{"line":40,"column":26}}}},"branchMap":{"0":{"loc":{"start":{"line":14,"column":4},"end":{"line":17,"column":null}},"type":"if","locations":[{"start":{"line":14,"column":4},"end":{"line":17,"column":null}},{"start":{},"end":{}}]},"1":{"loc":{"start":{"line":18,"column":24},"end":{"line":18,"column":42}},"type":"binary-expr","locations":[{"start":{"line":18,"column":24},"end":{"line":18,"column":36}},{"start":{"line":18,"column":40},"end":{"line":18,"column":42}}]},"2":{"loc":{"start":{"line":34,"column":4},"end":{"line":37,"column":null}},"type":"if","locations":[{"start":{"line":34,"column":4},"end":{"line":37,"column":null}},{"start":{},"end":{}}]}},"s":{"0":10,"1":10,"2":10,"3":10,"4":10,"5":10,"6":10,"7":1,"8":1,"9":1,"10":1,"11":0,"12":0,"13":1,"14":0,"15":10,"16":4,"17":4,"18":4,"19":1,"20":1,"21":3,"22":3,"23":4,"24":3,"25":3,"26":0,"27":10},"f":{"0":1,"1":1,"2":4,"3":4,"4":4},"b":{"0":[0,1],"1":[1,0],"2":[1,3]}}
,"/Users/ricky/Dev/money-flow-backend/src/routes/expenses.ts": {"path":"/Users/ricky/Dev/money-flow-backend/src/routes/expenses.ts","statementMap":{"0":{"start":{"line":1,"column":0},"end":{"line":1,"column":43}},"1":{"start":{"line":2,"column":0},"end":{"line":2,"column":59}},"2":{"start":{"line":3,"column":0},"end":{"line":3,"column":45}},"3":{"start":{"line":4,"column":0},"end":{"line":4,"column":58}},"4":{"start":{"line":6,"column":15},"end":{"line":6,"column":23}},"5":{"start":{"line":8,"column":0},"end":{"line":8,"column":20}},"6":{"start":{"line":10,"column":31},"end":{"line":26,"column":4}},"7":{"start":{"line":13,"column":4},"end":{"line":13,"column":59}},"8":{"start":{"line":13,"column":47},"end":{"line":13,"column":59}},"9":{"start":{"line":14,"column":4},"end":{"line":14,"column":80}},"10":{"start":{"line":14,"column":31},"end":{"line":14,"column":80}},"11":{"start":{"line":15,"column":4},"end":{"line":15,"column":82}},"12":{"start":{"line":15,"column":27},"end":{"line":15,"column":82}},"13":{"start":{"line":16,"column":17},"end":{"line":16,"column":34}},"14":{"start":{"line":17,"column":4},"end":{"line":24,"column":null}},"15":{"start":{"line":18,"column":6},"end":{"line":18,"column":89}},"16":{"start":{"line":18,"column":36},"end":{"line":18,"column":89}},"17":{"start":{"line":19,"column":6},"end":{"line":19,"column":83}},"18":{"start":{"line":19,"column":30},"end":{"line":19,"column":83}},"19":{"start":{"line":20,"column":6},"end":{"line":20,"column":95}},"20":{"start":{"line":20,"column":29},"end":{"line":20,"column":95}},"21":{"start":{"line":21,"column":20},"end":{"line":21,"column":38}},"22":{"start":{"line":22,"column":6},"end":{"line":22,"column":79}},"23":{"start":{"line":22,"column":27},"end":{"line":22,"column":79}},"24":{"start":{"line":23,"column":6},"end":{"line":23,"column":22}},"25":{"start":{"line":25,"column":4},"end":{"line":25,"column":16}},"26":{"start":{"line":28,"column":26},"end":{"line":31,"column":2}},"27":{"start":{"line":34,"column":0},"end":{"line":54,"column":3}},"28":{"start":{"line":34,"column":58},"end":{"line":54,"column":2}},"29":{"start":{"line":35,"column":2},"end":{"line":53,"column":null}},"30":{"start":{"line":36,"column":17},"end":{"line":36,"column":69}},"31":{"start":{"line":37,"column":18},"end":{"line":37,"column":87}},"32":{"start":{"line":38,"column":17},"end":{"line":38,"column":35}},"33":{"start":{"line":40,"column":30},"end":{"line":47,"column":6}},"34":{"start":{"line":49,"column":18},"end":{"line":49,"column":42}},"35":{"start":{"line":50,"column":4},"end":{"line":50,"column":53}},"36":{"start":{"line":52,"column":4},"end":{"line":52,"column":64}},"37":{"start":{"line":57,"column":0},"end":{"line":68,"column":3}},"38":{"start":{"line":57,"column":61},"end":{"line":68,"column":2}},"39":{"start":{"line":58,"column":2},"end":{"line":67,"column":null}},"40":{"start":{"line":59,"column":20},"end":{"line":59,"column":96}},"41":{"start":{"line":60,"column":4},"end":{"line":63,"column":null}},"42":{"start":{"line":61,"column":6},"end":{"line":61,"column":59}},"43":{"start":{"line":62,"column":6},"end":{"line":62,"column":13}},"44":{"start":{"line":64,"column":4},"end":{"line":64,"column":22}},"45":{"start":{"line":66,"column":4},"end":{"line":66,"column":63}},"46":{"start":{"line":71,"column":0},"end":{"line":92,"column":3}},"47":{"start":{"line":71,"column":78},"end":{"line":92,"column":2}},"48":{"start":{"line":72,"column":17},"end":{"line":72,"column":38}},"49":{"start":{"line":73,"column":2},"end":{"line":76,"column":null}},"50":{"start":{"line":74,"column":4},"end":{"line":74,"column":59}},"51":{"start":{"line":75,"column":4},"end":{"line":75,"column":11}},"52":{"start":{"line":77,"column":2},"end":{"line":91,"column":null}},"53":{"start":{"line":78,"column":112},"end":{"line":78,"column":120}},"54":{"start":{"line":79,"column":20},"end":{"line":84,"column":null}},"55":{"start":{"line":86,"column":18},"end":{"line":86,"column":38}},"56":{"start":{"line":87,"column":19},"end":{"line":87,"column":35}},"57":{"start":{"line":88,"column":4},"end":{"line":88,"column":33}},"58":{"start":{"line":90,"column":4},"end":{"line":90,"column":64}},"59":{"start":{"line":95,"column":0},"end":{"line":122,"column":3}},"60":{"start":{"line":95,"column":80},"end":{"line":122,"column":2}},"61":{"start":{"line":96,"column":17},"end":{"line":96,"column":38}},"62":{"start":{"line":97,"column":2},"end":{"line":100,"column":null}},"63":{"start":{"line":98,"column":4},"end":{"line":98,"column":59}},"64":{"start":{"line":99,"column":4},"end":{"line":99,"column":11}},"65":{"start":{"line":101,"column":2},"end":{"line":121,"column":null}},"66":{"start":{"line":102,"column":112},"end":{"line":102,"column":120}},"67":{"start":{"line":103,"column":48},"end":{"line":103,"column":100}},"68":{"start":{"line":104,"column":4},"end":{"line":104,"column":111}},"69":{"start":{"line":104,"column":37},"end":{"line":104,"column":76}},"70":{"start":{"line":104,"column":82},"end":{"line":104,"column":111}},"71":{"start":{"line":105,"column":4},"end":{"line":105,"column":72}},"72":{"start":{"line":105,"column":35},"end":{"line":105,"column":72}},"73":{"start":{"line":106,"column":4},"end":{"line":106,"column":93}},"74":{"start":{"line":106,"column":42},"end":{"line":106,"column":93}},"75":{"start":{"line":107,"column":19},"end":{"line":110,"column":null}},"76":{"start":{"line":112,"column":4},"end":{"line":115,"column":null}},"77":{"start":{"line":113,"column":6},"end":{"line":113,"column":59}},"78":{"start":{"line":114,"column":6},"end":{"line":114,"column":13}},"79":{"start":{"line":117,"column":20},"end":{"line":117,"column":96}},"80":{"start":{"line":118,"column":4},"end":{"line":118,"column":22}},"81":{"start":{"line":120,"column":4},"end":{"line":120,"column":64}},"82":{"start":{"line":125,"column":0},"end":{"line":136,"column":3}},"83":{"start":{"line":125,"column":64},"end":{"line":136,"column":2}},"84":{"start":{"line":126,"column":2},"end":{"line":135,"column":null}},"85":{"start":{"line":127,"column":20},"end":{"line":127,"column":98}},"86":{"start":{"line":128,"column":4},"end":{"line":131,"column":null}},"87":{"start":{"line":129,"column":6},"end":{"line":129,"column":59}},"88":{"start":{"line":130,"column":6},"end":{"line":130,"column":13}},"89":{"start":{"line":132,"column":4},"end":{"line":132,"column":37}},"90":{"start":{"line":134,"column":4},"end":{"line":134,"column":64}},"91":{"start":{"line":138,"column":0},"end":{"line":138,"column":22}}},"fnMap":{"0":{"name":"(anonymous_8)","decl":{"start":{"line":12,"column":10},"end":{"line":12,"column":11}},"loc":{"start":{"line":12,"column":20},"end":{"line":26,"column":3}}},"1":{"name":"(anonymous_9)","decl":{"start":{"line":34,"column":16},"end":{"line":34,"column":23}},"loc":{"start":{"line":34,"column":58},"end":{"line":54,"column":2}}},"2":{"name":"(anonymous_10)","decl":{"start":{"line":34,"column":58},"end":{"line":34,"column":null}},"loc":{"start":{"line":34,"column":58},"end":{"line":54,"column":1}}},"3":{"name":"(anonymous_11)","decl":{"start":{"line":57,"column":19},"end":{"line":57,"column":26}},"loc":{"start":{"line":57,"column":61},"end":{"line":68,"column":2}}},"4":{"name":"(anonymous_12)","decl":{"start":{"line":57,"column":61},"end":{"line":57,"column":null}},"loc":{"start":{"line":57,"column":61},"end":{"line":68,"column":1}}},"5":{"name":"(anonymous_13)","decl":{"start":{"line":71,"column":36},"end":{"line":71,"column":43}},"loc":{"start":{"line":71,"column":78},"end":{"line":92,"column":2}}},"6":{"name":"(anonymous_14)","decl":{"start":{"line":71,"column":78},"end":{"line":71,"column":null}},"loc":{"start":{"line":71,"column":78},"end":{"line":92,"column":1}}},"7":{"name":"(anonymous_15)","decl":{"start":{"line":95,"column":38},"end":{"line":95,"column":45}},"loc":{"start":{"line":95,"column":80},"end":{"line":122,"column":2}}},"8":{"name":"(anonymous_16)","decl":{"start":{"line":95,"column":80},"end":{"line":95,"column":null}},"loc":{"start":{"line":95,"column":80},"end":{"line":122,"column":1}}},"9":{"name":"(anonymous_17)","decl":{"start":{"line":125,"column":22},"end":{"line":125,"column":29}},"loc":{"start":{"line":125,"column":64},"end":{"line":136,"column":2}}},"10":{"name":"(anonymous_18)","decl":{"start":{"line":125,"column":64},"end":{"line":125,"column":null}},"loc":{"start":{"line":125,"column":64},"end":{"line":136,"column":1}}}},"branchMap":{"0":{"loc":{"start":{"line":13,"column":4},"end":{"line":13,"column":59}},"type":"if","locations":[{"start":{"line":13,"column":4},"end":{"line":13,"column":59}},{"start":{},"end":{}}]},"1":{"loc":{"start":{"line":13,"column":8},"end":{"line":13,"column":45}},"type":"binary-expr","locations":[{"start":{"line":13,"column":8},"end":{"line":13,"column":27}},{"start":{"line":13,"column":31},"end":{"line":13,"column":45}}]},"2":{"loc":{"start":{"line":14,"column":4},"end":{"line":14,"column":80}},"type":"if","locations":[{"start":{"line":14,"column":4},"end":{"line":14,"column":80}},{"start":{},"end":{}}]},"3":{"loc":{"start":{"line":15,"column":4},"end":{"line":15,"column":82}},"type":"if","locations":[{"start":{"line":15,"column":4},"end":{"line":15,"column":82}},{"start":{},"end":{}}]},"4":{"loc":{"start":{"line":18,"column":6},"end":{"line":18,"column":89}},"type":"if","locations":[{"start":{"line":18,"column":6},"end":{"line":18,"column":89}},{"start":{},"end":{}}]},"5":{"loc":{"start":{"line":19,"column":6},"end":{"line":19,"column":83}},"type":"if","locations":[{"start":{"line":19,"column":6},"end":{"line":19,"column":83}},{"start":{},"end":{}}]},"6":{"loc":{"start":{"line":20,"column":6},"end":{"line":20,"column":95}},"type":"if","locations":[{"start":{"line":20,"column":6},"end":{"line":20,"column":95}},{"start":{},"end":{}}]},"7":{"loc":{"start":{"line":22,"column":6},"end":{"line":22,"column":79}},"type":"if","locations":[{"start":{"line":22,"column":6},"end":{"line":22,"column":79}},{"start":{},"end":{}}]},"8":{"loc":{"start":{"line":36,"column":29},"end":{"line":36,"column":68}},"type":"binary-expr","locations":[{"start":{"line":36,"column":29},"end":{"line":36,"column":63}},{"start":{"line":36,"column":67},"end":{"line":36,"column":68}}]},"9":{"loc":{"start":{"line":37,"column":44},"end":{"line":37,"column":85}},"type":"binary-expr","locations":[{"start":{"line":37,"column":44},"end":{"line":37,"column":79}},{"start":{"line":37,"column":83},"end":{"line":37,"column":85}}]},"10":{"loc":{"start":{"line":60,"column":4},"end":{"line":63,"column":null}},"type":"if","locations":[{"start":{"line":60,"column":4},"end":{"line":63,"column":null}},{"start":{},"end":{}}]},"11":{"loc":{"start":{"line":73,"column":2},"end":{"line":76,"column":null}},"type":"if","locations":[{"start":{"line":73,"column":2},"end":{"line":76,"column":null}},{"start":{},"end":{}}]},"12":{"loc":{"start":{"line":82,"column":20},"end":{"line":82,"column":67}},"type":"cond-expr","locations":[{"start":{"line":82,"column":50},"end":{"line":82,"column":62}},{"start":{"line":82,"column":65},"end":{"line":82,"column":67}}]},"13":{"loc":{"start":{"line":83,"column":10},"end":{"line":83,"column":54}},"type":"binary-expr","locations":[{"start":{"line":83,"column":10},"end":{"line":83,"column":35}},{"start":{"line":83,"column":39},"end":{"line":83,"column":54}}]},"14":{"loc":{"start":{"line":84,"column":10},"end":{"line":84,"column":68}},"type":"binary-expr","locations":[{"start":{"line":84,"column":10},"end":{"line":84,"column":42}},{"start":{"line":84,"column":46},"end":{"line":84,"column":68}}]},"15":{"loc":{"start":{"line":97,"column":2},"end":{"line":100,"column":null}},"type":"if","locations":[{"start":{"line":97,"column":2},"end":{"line":100,"column":null}},{"start":{},"end":{}}]},"16":{"loc":{"start":{"line":104,"column":4},"end":{"line":104,"column":111}},"type":"if","locations":[{"start":{"line":104,"column":4},"end":{"line":104,"column":111}},{"start":{"line":104,"column":82},"end":{"line":104,"column":111}}]},"17":{"loc":{"start":{"line":105,"column":4},"end":{"line":105,"column":72}},"type":"if","locations":[{"start":{"line":105,"column":4},"end":{"line":105,"column":72}},{"start":{},"end":{}}]},"18":{"loc":{"start":{"line":106,"column":4},"end":{"line":106,"column":93}},"type":"if","locations":[{"start":{"line":106,"column":4},"end":{"line":106,"column":93}},{"start":{},"end":{}}]},"19":{"loc":{"start":{"line":112,"column":4},"end":{"line":115,"column":null}},"type":"if","locations":[{"start":{"line":112,"column":4},"end":{"line":115,"column":null}},{"start":{},"end":{}}]},"20":{"loc":{"start":{"line":128,"column":4},"end":{"line":131,"column":null}},"type":"if","locations":[{"start":{"line":128,"column":4},"end":{"line":131,"column":null}},{"start":{},"end":{}}]}},"s":{"0":9,"1":9,"2":9,"3":9,"4":9,"5":9,"6":9,"7":13,"8":0,"9":13,"10":1,"11":12,"12":1,"13":11,"14":11,"15":15,"16":0,"17":15,"18":1,"19":14,"20":1,"21":13,"22":13,"23":2,"24":11,"25":7,"26":9,"27":9,"28":3,"29":3,"30":3,"31":3,"32":3,"33":3,"34":3,"35":3,"36":0,"37":9,"38":2,"39":2,"40":2,"41":2,"42":1,"43":1,"44":1,"45":0,"46":9,"47":28,"48":28,"49":28,"50":4,"51":4,"52":24,"53":24,"54":24,"55":24,"56":24,"57":24,"58":0,"59":9,"60":5,"61":5,"62":5,"63":2,"64":2,"65":3,"66":3,"67":3,"68":3,"69":1,"70":2,"71":3,"72":0,"73":3,"74":0,"75":3,"76":3,"77":1,"78":1,"79":2,"80":2,"81":0,"82":9,"83":2,"84":2,"85":2,"86":2,"87":1,"88":1,"89":1,"90":0,"91":9},"f":{"0":13,"1":3,"2":3,"3":2,"4":2,"5":28,"6":28,"7":5,"8":5,"9":2,"10":2},"b":{"0":[0,13],"1":[13,13],"2":[1,12],"3":[1,11],"4":[0,15],"5":[1,14],"6":[1,13],"7":[2,11],"8":[3,2],"9":[3,2],"10":[1,1],"11":[4,24],"12":[6,18],"13":[24,0],"14":[24,0],"15":[2,3],"16":[1,2],"17":[0,3],"18":[0,3],"19":[1,2],"20":[1,1]}}
,"/Users/ricky/Dev/money-flow-backend/src/routes/export.ts": {"path":"/Users/ricky/Dev/money-flow-backend/src/routes/export.ts","statementMap":{"0":{"start":{"line":1,"column":0},"end":{"line":1,"column":33}},"1":{"start":{"line":2,"column":0},"end":{"line":2,"column":45}},"2":{"start":{"line":3,"column":0},"end":{"line":3,"column":58}},"3":{"start":{"line":5,"column":15},"end":{"line":5,"column":23}},"4":{"start":{"line":7,"column":0},"end":{"line":7,"column":20}},"5":{"start":{"line":10,"column":0},"end":{"line":67,"column":3}},"6":{"start":{"line":10,"column":51},"end":{"line":67,"column":2}},"7":{"start":{"line":11,"column":2},"end":{"line":66,"column":null}},"8":{"start":{"line":12,"column":31},"end":{"line":12,"column":40}},"9":{"start":{"line":15,"column":24},"end":{"line":15,"column":45}},"10":{"start":{"line":16,"column":4},"end":{"line":24,"column":null}},"11":{"start":{"line":17,"column":6},"end":{"line":17,"column":23}},"12":{"start":{"line":18,"column":6},"end":{"line":18,"column":60}},"13":{"start":{"line":18,"column":16},"end":{"line":18,"column":60}},"14":{"start":{"line":19,"column":6},"end":{"line":23,"column":null}},"15":{"start":{"line":20,"column":23},"end":{"line":20,"column":45}},"16":{"start":{"line":21,"column":8},"end":{"line":21,"column":41}},"17":{"start":{"line":22,"column":8},"end":{"line":22,"column":34}},"18":{"start":{"line":25,"column":4},"end":{"line":25,"column":33}},"19":{"start":{"line":25,"column":14},"end":{"line":25,"column":33}},"20":{"start":{"line":28,"column":21},"end":{"line":30,"column":13}},"21":{"start":{"line":33,"column":20},"end":{"line":33,"column":89}},"22":{"start":{"line":34,"column":17},"end":{"line":41,"column":6}},"23":{"start":{"line":34,"column":42},"end":{"line":41,"column":6}},"24":{"start":{"line":44,"column":16},"end":{"line":57,"column":17}},"25":{"start":{"line":46,"column":8},"end":{"line":55,"column":20}},"26":{"start":{"line":49,"column":24},"end":{"line":49,"column":36}},"27":{"start":{"line":50,"column":12},"end":{"line":52,"column":null}},"28":{"start":{"line":51,"column":14},"end":{"line":51,"column":52}},"29":{"start":{"line":53,"column":12},"end":{"line":53,"column":23}},"30":{"start":{"line":60,"column":21},"end":{"line":60,"column":79}},"31":{"start":{"line":61,"column":4},"end":{"line":61,"column":46}},"32":{"start":{"line":62,"column":4},"end":{"line":62,"column":79}},"33":{"start":{"line":63,"column":4},"end":{"line":63,"column":18}},"34":{"start":{"line":65,"column":4},"end":{"line":65,"column":60}},"35":{"start":{"line":69,"column":0},"end":{"line":69,"column":22}}},"fnMap":{"0":{"name":"(anonymous_8)","decl":{"start":{"line":10,"column":19},"end":{"line":10,"column":26}},"loc":{"start":{"line":10,"column":51},"end":{"line":67,"column":2}}},"1":{"name":"(anonymous_9)","decl":{"start":{"line":10,"column":51},"end":{"line":10,"column":null}},"loc":{"start":{"line":10,"column":51},"end":{"line":67,"column":1}}},"2":{"name":"(anonymous_10)","decl":{"start":{"line":34,"column":30},"end":{"line":34,"column":31}},"loc":{"start":{"line":34,"column":41},"end":{"line":41,"column":6}}},"3":{"name":"(anonymous_11)","decl":{"start":{"line":45,"column":11},"end":{"line":45,"column":12}},"loc":{"start":{"line":46,"column":8},"end":{"line":55,"column":20}}},"4":{"name":"(anonymous_12)","decl":{"start":{"line":47,"column":15},"end":{"line":47,"column":16}},"loc":{"start":{"line":47,"column":24},"end":{"line":54,"column":11}}}},"branchMap":{"0":{"loc":{"start":{"line":16,"column":4},"end":{"line":24,"column":null}},"type":"if","locations":[{"start":{"line":16,"column":4},"end":{"line":24,"column":null}},{"start":{},"end":{}}]},"1":{"loc":{"start":{"line":16,"column":8},"end":{"line":16,"column":18}},"type":"binary-expr","locations":[{"start":{"line":16,"column":8},"end":{"line":16,"column":12}},{"start":{"line":16,"column":16},"end":{"line":16,"column":18}}]},"2":{"loc":{"start":{"line":18,"column":6},"end":{"line":18,"column":60}},"type":"if","locations":[{"start":{"line":18,"column":6},"end":{"line":18,"column":60}},{"start":{},"end":{}}]},"3":{"loc":{"start":{"line":19,"column":6},"end":{"line":23,"column":null}},"type":"if","locations":[{"start":{"line":19,"column":6},"end":{"line":23,"column":null}},{"start":{},"end":{}}]},"4":{"loc":{"start":{"line":25,"column":4},"end":{"line":25,"column":33}},"type":"if","locations":[{"start":{"line":25,"column":4},"end":{"line":25,"column":33}},{"start":{},"end":{}}]},"5":{"loc":{"start":{"line":35,"column":15},"end":{"line":35,"column":36}},"type":"binary-expr","locations":[{"start":{"line":35,"column":15},"end":{"line":35,"column":21}},{"start":{"line":35,"column":25},"end":{"line":35,"column":36}}]},"6":{"loc":{"start":{"line":36,"column":6},"end":{"line":36,"column":25}},"type":"binary-expr","locations":[{"start":{"line":36,"column":6},"end":{"line":36,"column":19}},{"start":{"line":36,"column":23},"end":{"line":36,"column":25}}]},"7":{"loc":{"start":{"line":37,"column":6},"end":{"line":37,"column":22}},"type":"binary-expr","locations":[{"start":{"line":37,"column":6},"end":{"line":37,"column":16}},{"start":{"line":37,"column":20},"end":{"line":37,"column":22}}]},"8":{"loc":{"start":{"line":38,"column":6},"end":{"line":38,"column":18}},"type":"binary-expr","locations":[{"start":{"line":38,"column":6},"end":{"line":38,"column":12}},{"start":{"line":38,"column":16},"end":{"line":38,"column":18}}]},"9":{"loc":{"start":{"line":39,"column":6},"end":{"line":39,"column":19}},"type":"binary-expr","locations":[{"start":{"line":39,"column":6},"end":{"line":39,"column":14}},{"start":{"line":39,"column":18},"end":{"line":39,"column":19}}]},"10":{"loc":{"start":{"line":40,"column":6},"end":{"line":40,"column":37}},"type":"binary-expr","locations":[{"start":{"line":40,"column":6},"end":{"line":40,"column":31}},{"start":{"line":40,"column":35},"end":{"line":40,"column":37}}]},"11":{"loc":{"start":{"line":40,"column":6},"end":{"line":40,"column":31}},"type":"cond-expr","locations":[{"start":{"line":40,"column":20},"end":{"line":40,"column":22}},{"start":{"line":40,"column":20},"end":{"line":40,"column":31}}]},"12":{"loc":{"start":{"line":40,"column":6},"end":{"line":40,"column":22}},"type":"binary-expr","locations":[{"start":{"line":40,"column":6},"end":{"line":40,"column":22}},{"start":{"line":40,"column":20},"end":{"line":40,"column":22}}]},"13":{"loc":{"start":{"line":50,"column":12},"end":{"line":52,"column":null}},"type":"if","locations":[{"start":{"line":50,"column":12},"end":{"line":52,"column":null}},{"start":{},"end":{}}]},"14":{"loc":{"start":{"line":50,"column":16},"end":{"line":50,"column":76}},"type":"binary-expr","locations":[{"start":{"line":50,"column":16},"end":{"line":50,"column":33}},{"start":{"line":50,"column":37},"end":{"line":50,"column":55}},{"start":{"line":50,"column":59},"end":{"line":50,"column":76}}]}},"s":{"0":10,"1":10,"2":10,"3":10,"4":10,"5":10,"6":7,"7":7,"8":7,"9":7,"10":7,"11":1,"12":1,"13":1,"14":1,"15":1,"16":1,"17":1,"18":7,"19":1,"20":7,"21":6,"22":6,"23":4,"24":6,"25":10,"26":60,"27":60,"28":1,"29":59,"30":6,"31":6,"32":6,"33":6,"34":1,"35":10},"f":{"0":7,"1":7,"2":4,"3":10,"4":60},"b":{"0":[1,6],"1":[7,6],"2":[1,0],"3":[1,0],"4":[1,6],"5":[4,0],"6":[4,0],"7":[4,0],"8":[4,0],"9":[4,0],"10":[4,3],"11":[0,4],"12":[4,4],"13":[1,59],"14":[60,59,59]}}
,"/Users/ricky/Dev/money-flow-backend/src/routes/import.ts": {"path":"/Users/ricky/Dev/money-flow-backend/src/routes/import.ts","statementMap":{"0":{"start":{"line":1,"column":0},"end":{"line":1,"column":43}},"1":{"start":{"line":2,"column":0},"end":{"line":2,"column":28}},"2":{"start":{"line":3,"column":0},"end":{"line":3,"column":39}},"3":{"start":{"line":4,"column":0},"end":{"line":4,"column":45}},"4":{"start":{"line":5,"column":0},"end":{"line":5,"column":58}},"5":{"start":{"line":7,"column":15},"end":{"line":7,"column":23}},"6":{"start":{"line":8,"column":0},"end":{"line":8,"column":20}},"7":{"start":{"line":10,"column":15},"end":{"line":20,"column":2}},"8":{"start":{"line":14,"column":4},"end":{"line":18,"column":null}},"9":{"start":{"line":15,"column":6},"end":{"line":15,"column":21}},"10":{"start":{"line":17,"column":6},"end":{"line":17,"column":51}},"11":{"start":{"line":23,"column":18},"end":{"line":23,"column":44}},"12":{"start":{"line":24,"column":12},"end":{"line":24,"column":31}},"13":{"start":{"line":25,"column":2},"end":{"line":25,"column":29}},"14":{"start":{"line":29,"column":12},"end":{"line":29,"column":25}},"15":{"start":{"line":30,"column":2},"end":{"line":30,"column":39}},"16":{"start":{"line":34,"column":0},"end":{"line":137,"column":3}},"17":{"start":{"line":34,"column":105},"end":{"line":137,"column":2}},"18":{"start":{"line":35,"column":2},"end":{"line":38,"column":null}},"19":{"start":{"line":36,"column":4},"end":{"line":36,"column":58}},"20":{"start":{"line":37,"column":4},"end":{"line":37,"column":11}},"21":{"start":{"line":41,"column":2},"end":{"line":50,"column":null}},"22":{"start":{"line":42,"column":4},"end":{"line":46,"column":35}},"23":{"start":{"line":48,"column":4},"end":{"line":48,"column":80}},"24":{"start":{"line":49,"column":4},"end":{"line":49,"column":11}},"25":{"start":{"line":52,"column":16},"end":{"line":52,"column":27}},"26":{"start":{"line":53,"column":17},"end":{"line":53,"column":18}},"27":{"start":{"line":54,"column":16},"end":{"line":54,"column":17}},"28":{"start":{"line":55,"column":52},"end":{"line":55,"column":54}},"29":{"start":{"line":56,"column":29},"end":{"line":56,"column":31}},"30":{"start":{"line":59,"column":20},"end":{"line":63,"column":3}},"31":{"start":{"line":60,"column":40},"end":{"line":60,"column":42}},"32":{"start":{"line":61,"column":4},"end":{"line":61,"column":80}},"33":{"start":{"line":61,"column":44},"end":{"line":61,"column":76}},"34":{"start":{"line":62,"column":4},"end":{"line":62,"column":15}},"35":{"start":{"line":65,"column":2},"end":{"line":130,"column":null}},"36":{"start":{"line":65,"column":15},"end":{"line":65,"column":16}},"37":{"start":{"line":66,"column":16},"end":{"line":66,"column":34}},"38":{"start":{"line":67,"column":19},"end":{"line":67,"column":24}},"39":{"start":{"line":69,"column":20},"end":{"line":69,"column":83}},"40":{"start":{"line":70,"column":20},"end":{"line":70,"column":74}},"41":{"start":{"line":71,"column":22},"end":{"line":71,"column":57}},"42":{"start":{"line":72,"column":24},"end":{"line":72,"column":45}},"43":{"start":{"line":73,"column":20},"end":{"line":73,"column":53}},"44":{"start":{"line":74,"column":21},"end":{"line":74,"column":54}},"45":{"start":{"line":76,"column":4},"end":{"line":80,"column":null}},"46":{"start":{"line":77,"column":6},"end":{"line":77,"column":84}},"47":{"start":{"line":78,"column":6},"end":{"line":78,"column":16}},"48":{"start":{"line":79,"column":6},"end":{"line":79,"column":15}},"49":{"start":{"line":82,"column":17},"end":{"line":82,"column":35}},"50":{"start":{"line":83,"column":4},"end":{"line":87,"column":null}},"51":{"start":{"line":84,"column":6},"end":{"line":84,"column":77}},"52":{"start":{"line":85,"column":6},"end":{"line":85,"column":16}},"53":{"start":{"line":86,"column":6},"end":{"line":86,"column":15}},"54":{"start":{"line":89,"column":19},"end":{"line":89,"column":41}},"55":{"start":{"line":90,"column":4},"end":{"line":94,"column":null}},"56":{"start":{"line":91,"column":6},"end":{"line":91,"column":81}},"57":{"start":{"line":92,"column":6},"end":{"line":92,"column":16}},"58":{"start":{"line":93,"column":6},"end":{"line":93,"column":15}},"59":{"start":{"line":97,"column":22},"end":{"line":97,"column":38}},"60":{"start":{"line":99,"column":4},"end":{"line":105,"column":null}},"61":{"start":{"line":100,"column":6},"end":{"line":100,"column":22}},"62":{"start":{"line":101,"column":11},"end":{"line":105,"column":null}},"63":{"start":{"line":102,"column":6},"end":{"line":102,"column":23}},"64":{"start":{"line":104,"column":6},"end":{"line":104,"column":48}},"65":{"start":{"line":108,"column":19},"end":{"line":113,"column":6}},"66":{"start":{"line":115,"column":4},"end":{"line":118,"column":null}},"67":{"start":{"line":116,"column":6},"end":{"line":116,"column":16}},"68":{"start":{"line":117,"column":6},"end":{"line":117,"column":15}},"69":{"start":{"line":120,"column":4},"end":{"line":128,"column":7}},"70":{"start":{"line":129,"column":4},"end":{"line":129,"column":15}},"71":{"start":{"line":132,"column":2},"end":{"line":134,"column":null}},"72":{"start":{"line":133,"column":4},"end":{"line":133,"column":44}},"73":{"start":{"line":136,"column":2},"end":{"line":136,"column":42}},"74":{"start":{"line":139,"column":0},"end":{"line":139,"column":22}}},"fnMap":{"0":{"name":"(anonymous_8)","decl":{"start":{"line":13,"column":14},"end":{"line":13,"column":15}},"loc":{"start":{"line":13,"column":33},"end":{"line":19,"column":3}}},"1":{"name":"parseAmount","decl":{"start":{"line":22,"column":9},"end":{"line":22,"column":20}},"loc":{"start":{"line":22,"column":32},"end":{"line":26,"column":1}}},"2":{"name":"parseDate","decl":{"start":{"line":28,"column":9},"end":{"line":28,"column":18}},"loc":{"start":{"line":28,"column":30},"end":{"line":31,"column":1}}},"3":{"name":"(anonymous_11)","decl":{"start":{"line":34,"column":48},"end":{"line":34,"column":55}},"loc":{"start":{"line":34,"column":105},"end":{"line":137,"column":2}}},"4":{"name":"(anonymous_12)","decl":{"start":{"line":34,"column":105},"end":{"line":34,"column":null}},"loc":{"start":{"line":34,"column":105},"end":{"line":137,"column":1}}},"5":{"name":"(anonymous_13)","decl":{"start":{"line":59,"column":20},"end":{"line":59,"column":21}},"loc":{"start":{"line":59,"column":74},"end":{"line":63,"column":3}}},"6":{"name":"(anonymous_14)","decl":{"start":{"line":61,"column":30},"end":{"line":61,"column":31}},"loc":{"start":{"line":61,"column":41},"end":{"line":61,"column":78}}}},"branchMap":{"0":{"loc":{"start":{"line":14,"column":4},"end":{"line":18,"column":null}},"type":"if","locations":[{"start":{"line":14,"column":4},"end":{"line":18,"column":null}},{"start":{"line":16,"column":11},"end":{"line":18,"column":null}}]},"1":{"loc":{"start":{"line":14,"column":8},"end":{"line":14,"column":74}},"type":"binary-expr","locations":[{"start":{"line":14,"column":8},"end":{"line":14,"column":36}},{"start":{"line":14,"column":40},"end":{"line":14,"column":74}}]},"2":{"loc":{"start":{"line":25,"column":9},"end":{"line":25,"column":28}},"type":"cond-expr","locations":[{"start":{"line":25,"column":20},"end":{"line":25,"column":24}},{"start":{"line":25,"column":27},"end":{"line":25,"column":28}}]},"3":{"loc":{"start":{"line":30,"column":9},"end":{"line":30,"column":38}},"type":"cond-expr","locations":[{"start":{"line":30,"column":30},"end":{"line":30,"column":34}},{"start":{"line":30,"column":37},"end":{"line":30,"column":38}}]},"4":{"loc":{"start":{"line":35,"column":2},"end":{"line":38,"column":null}},"type":"if","locations":[{"start":{"line":35,"column":2},"end":{"line":38,"column":null}},{"start":{},"end":{}}]},"5":{"loc":{"start":{"line":69,"column":20},"end":{"line":69,"column":83}},"type":"binary-expr","locations":[{"start":{"line":69,"column":20},"end":{"line":69,"column":31}},{"start":{"line":69,"column":35},"end":{"line":69,"column":58}},{"start":{"line":69,"column":62},"end":{"line":69,"column":77}},{"start":{"line":69,"column":81},"end":{"line":69,"column":83}}]},"6":{"loc":{"start":{"line":70,"column":20},"end":{"line":70,"column":74}},"type":"binary-expr","locations":[{"start":{"line":70,"column":20},"end":{"line":70,"column":38}},{"start":{"line":70,"column":42},"end":{"line":70,"column":53}},{"start":{"line":70,"column":57},"end":{"line":70,"column":68}},{"start":{"line":70,"column":72},"end":{"line":70,"column":74}}]},"7":{"loc":{"start":{"line":71,"column":22},"end":{"line":71,"column":57}},"type":"binary-expr","locations":[{"start":{"line":71,"column":22},"end":{"line":71,"column":35}},{"start":{"line":71,"column":39},"end":{"line":71,"column":51}},{"start":{"line":71,"column":55},"end":{"line":71,"column":57}}]},"8":{"loc":{"start":{"line":72,"column":24},"end":{"line":72,"column":45}},"type":"binary-expr","locations":[{"start":{"line":72,"column":24},"end":{"line":72,"column":39}},{"start":{"line":72,"column":43},"end":{"line":72,"column":45}}]},"9":{"loc":{"start":{"line":73,"column":21},"end":{"line":73,"column":38}},"type":"binary-expr","locations":[{"start":{"line":73,"column":21},"end":{"line":73,"column":32}},{"start":{"line":73,"column":36},"end":{"line":73,"column":38}}]},"10":{"loc":{"start":{"line":74,"column":21},"end":{"line":74,"column":54}},"type":"binary-expr","locations":[{"start":{"line":74,"column":21},"end":{"line":74,"column":33}},{"start":{"line":74,"column":37},"end":{"line":74,"column":48}},{"start":{"line":74,"column":52},"end":{"line":74,"column":54}}]},"11":{"loc":{"start":{"line":76,"column":4},"end":{"line":80,"column":null}},"type":"if","locations":[{"start":{"line":76,"column":4},"end":{"line":80,"column":null}},{"start":{},"end":{}}]},"12":{"loc":{"start":{"line":76,"column":8},"end":{"line":76,"column":30}},"type":"binary-expr","locations":[{"start":{"line":76,"column":8},"end":{"line":76,"column":16}},{"start":{"line":76,"column":20},"end":{"line":76,"column":30}}]},"13":{"loc":{"start":{"line":83,"column":4},"end":{"line":87,"column":null}},"type":"if","locations":[{"start":{"line":83,"column":4},"end":{"line":87,"column":null}},{"start":{},"end":{}}]},"14":{"loc":{"start":{"line":90,"column":4},"end":{"line":94,"column":null}},"type":"if","locations":[{"start":{"line":90,"column":4},"end":{"line":94,"column":null}},{"start":{},"end":{}}]},"15":{"loc":{"start":{"line":99,"column":4},"end":{"line":105,"column":null}},"type":"if","locations":[{"start":{"line":99,"column":4},"end":{"line":105,"column":null}},{"start":{"line":101,"column":11},"end":{"line":105,"column":null}}]},"16":{"loc":{"start":{"line":99,"column":8},"end":{"line":99,"column":52}},"type":"binary-expr","locations":[{"start":{"line":99,"column":8},"end":{"line":99,"column":28}},{"start":{"line":99,"column":32},"end":{"line":99,"column":52}}]},"17":{"loc":{"start":{"line":101,"column":11},"end":{"line":105,"column":null}},"type":"if","locations":[{"start":{"line":101,"column":11},"end":{"line":105,"column":null}},{"start":{"line":103,"column":11},"end":{"line":105,"column":null}}]},"18":{"loc":{"start":{"line":101,"column":15},"end":{"line":101,"column":59}},"type":"binary-expr","locations":[{"start":{"line":101,"column":15},"end":{"line":101,"column":36}},{"start":{"line":101,"column":40},"end":{"line":101,"column":59}}]},"19":{"loc":{"start":{"line":104,"column":13},"end":{"line":104,"column":47}},"type":"cond-expr","locations":[{"start":{"line":104,"column":27},"end":{"line":104,"column":35}},{"start":{"line":104,"column":38},"end":{"line":104,"column":47}}]},"20":{"loc":{"start":{"line":115,"column":4},"end":{"line":118,"column":null}},"type":"if","locations":[{"start":{"line":115,"column":4},"end":{"line":118,"column":null}},{"start":{},"end":{}}]},"21":{"loc":{"start":{"line":126,"column":16},"end":{"line":126,"column":38}},"type":"binary-expr","locations":[{"start":{"line":126,"column":16},"end":{"line":126,"column":27}},{"start":{"line":126,"column":31},"end":{"line":126,"column":38}}]},"22":{"loc":{"start":{"line":127,"column":13},"end":{"line":127,"column":34}},"type":"binary-expr","locations":[{"start":{"line":127,"column":13},"end":{"line":127,"column":21}},{"start":{"line":127,"column":25},"end":{"line":127,"column":34}}]},"23":{"loc":{"start":{"line":132,"column":2},"end":{"line":134,"column":null}},"type":"if","locations":[{"start":{"line":132,"column":2},"end":{"line":134,"column":null}},{"start":{},"end":{}}]}},"s":{"0":10,"1":10,"2":10,"3":10,"4":10,"5":10,"6":10,"7":10,"8":4,"9":4,"10":0,"11":8,"12":8,"13":8,"14":8,"15":8,"16":10,"17":5,"18":5,"19":1,"20":1,"21":4,"22":4,"23":0,"24":0,"25":4,"26":4,"27":4,"28":4,"29":4,"30":4,"31":9,"32":9,"33":45,"34":9,"35":4,"36":4,"37":9,"38":9,"39":9,"40":9,"41":9,"42":9,"43":9,"44":9,"45":9,"46":1,"47":1,"48":1,"49":8,"50":8,"51":0,"52":0,"53":0,"54":8,"55":8,"56":1,"57":1,"58":1,"59":7,"60":7,"61":3,"62":4,"63":4,"64":0,"65":7,"66":7,"67":2,"68":2,"69":5,"70":5,"71":4,"72":3,"73":4,"74":10},"f":{"0":4,"1":8,"2":8,"3":5,"4":5,"5":9,"6":45},"b":{"0":[4,0],"1":[4,0],"2":[1,7],"3":[0,8],"4":[1,4],"5":[9,1,1,1],"6":[9,0,0,0],"7":[9,0,0],"8":[9,0],"9":[9,0],"10":[9,9,9],"11":[1,8],"12":[9,8],"13":[0,8],"14":[1,7],"15":[3,4],"16":[7,4],"17":[4,0],"18":[4,0],"19":[0,0],"20":[2,5],"21":[5,0],"22":[5,5],"23":[3,1]}}
,"/Users/ricky/Dev/money-flow-backend/src/routes/net-worth.ts": {"path":"/Users/ricky/Dev/money-flow-backend/src/routes/net-worth.ts","statementMap":{"0":{"start":{"line":1,"column":0},"end":{"line":1,"column":43}},"1":{"start":{"line":2,"column":0},"end":{"line":2,"column":59}},"2":{"start":{"line":3,"column":0},"end":{"line":3,"column":47}},"3":{"start":{"line":4,"column":0},"end":{"line":4,"column":58}},"4":{"start":{"line":6,"column":15},"end":{"line":6,"column":23}},"5":{"start":{"line":8,"column":0},"end":{"line":8,"column":20}},"6":{"start":{"line":11,"column":0},"end":{"line":26,"column":3}},"7":{"start":{"line":11,"column":58},"end":{"line":26,"column":2}},"8":{"start":{"line":12,"column":2},"end":{"line":25,"column":null}},"9":{"start":{"line":13,"column":19},"end":{"line":13,"column":75}},"10":{"start":{"line":14,"column":22},"end":{"line":14,"column":32}},"11":{"start":{"line":15,"column":4},"end":{"line":15,"column":54}},"12":{"start":{"line":17,"column":22},"end":{"line":20,"column":24}},"13":{"start":{"line":22,"column":4},"end":{"line":22,"column":24}},"14":{"start":{"line":24,"column":4},"end":{"line":24,"column":75}},"15":{"start":{"line":29,"column":0},"end":{"line":36,"column":3}},"16":{"start":{"line":29,"column":64},"end":{"line":36,"column":2}},"17":{"start":{"line":30,"column":2},"end":{"line":35,"column":null}},"18":{"start":{"line":31,"column":21},"end":{"line":31,"column":91}},"19":{"start":{"line":32,"column":4},"end":{"line":32,"column":31}},"20":{"start":{"line":34,"column":4},"end":{"line":34,"column":71}},"21":{"start":{"line":39,"column":19},"end":{"line":42,"column":2}},"22":{"start":{"line":44,"column":0},"end":{"line":73,"column":3}},"23":{"start":{"line":44,"column":71},"end":{"line":73,"column":2}},"24":{"start":{"line":45,"column":17},"end":{"line":45,"column":38}},"25":{"start":{"line":46,"column":2},"end":{"line":49,"column":null}},"26":{"start":{"line":47,"column":4},"end":{"line":47,"column":59}},"27":{"start":{"line":48,"column":4},"end":{"line":48,"column":11}},"28":{"start":{"line":51,"column":2},"end":{"line":72,"column":null}},"29":{"start":{"line":52,"column":18},"end":{"line":52,"column":28}},"30":{"start":{"line":53,"column":4},"end":{"line":53,"column":31}},"31":{"start":{"line":56,"column":21},"end":{"line":66,"column":null}},"32":{"start":{"line":69,"column":4},"end":{"line":69,"column":35}},"33":{"start":{"line":71,"column":4},"end":{"line":71,"column":73}},"34":{"start":{"line":76,"column":0},"end":{"line":98,"column":3}},"35":{"start":{"line":76,"column":81},"end":{"line":98,"column":2}},"36":{"start":{"line":77,"column":2},"end":{"line":97,"column":null}},"37":{"start":{"line":78,"column":21},"end":{"line":86,"column":null}},"38":{"start":{"line":89,"column":4},"end":{"line":92,"column":null}},"39":{"start":{"line":90,"column":6},"end":{"line":90,"column":60}},"40":{"start":{"line":91,"column":6},"end":{"line":91,"column":13}},"41":{"start":{"line":94,"column":4},"end":{"line":94,"column":23}},"42":{"start":{"line":96,"column":4},"end":{"line":96,"column":65}},"43":{"start":{"line":101,"column":0},"end":{"line":117,"column":3}},"44":{"start":{"line":101,"column":72},"end":{"line":117,"column":2}},"45":{"start":{"line":102,"column":2},"end":{"line":116,"column":null}},"46":{"start":{"line":103,"column":20},"end":{"line":106,"column":6}},"47":{"start":{"line":108,"column":4},"end":{"line":111,"column":null}},"48":{"start":{"line":109,"column":6},"end":{"line":109,"column":60}},"49":{"start":{"line":110,"column":6},"end":{"line":110,"column":13}},"50":{"start":{"line":113,"column":4},"end":{"line":113,"column":37}},"51":{"start":{"line":115,"column":4},"end":{"line":115,"column":65}},"52":{"start":{"line":119,"column":0},"end":{"line":119,"column":22}}},"fnMap":{"0":{"name":"(anonymous_8)","decl":{"start":{"line":11,"column":16},"end":{"line":11,"column":23}},"loc":{"start":{"line":11,"column":58},"end":{"line":26,"column":2}}},"1":{"name":"(anonymous_9)","decl":{"start":{"line":11,"column":58},"end":{"line":11,"column":null}},"loc":{"start":{"line":11,"column":58},"end":{"line":26,"column":1}}},"2":{"name":"(anonymous_10)","decl":{"start":{"line":29,"column":22},"end":{"line":29,"column":29}},"loc":{"start":{"line":29,"column":64},"end":{"line":36,"column":2}}},"3":{"name":"(anonymous_11)","decl":{"start":{"line":29,"column":64},"end":{"line":29,"column":null}},"loc":{"start":{"line":29,"column":64},"end":{"line":36,"column":1}}},"4":{"name":"(anonymous_12)","decl":{"start":{"line":44,"column":29},"end":{"line":44,"column":36}},"loc":{"start":{"line":44,"column":71},"end":{"line":73,"column":2}}},"5":{"name":"(anonymous_13)","decl":{"start":{"line":44,"column":71},"end":{"line":44,"column":null}},"loc":{"start":{"line":44,"column":71},"end":{"line":73,"column":1}}},"6":{"name":"(anonymous_14)","decl":{"start":{"line":76,"column":39},"end":{"line":76,"column":46}},"loc":{"start":{"line":76,"column":81},"end":{"line":98,"column":2}}},"7":{"name":"(anonymous_15)","decl":{"start":{"line":76,"column":81},"end":{"line":76,"column":null}},"loc":{"start":{"line":76,"column":81},"end":{"line":98,"column":1}}},"8":{"name":"(anonymous_16)","decl":{"start":{"line":101,"column":30},"end":{"line":101,"column":37}},"loc":{"start":{"line":101,"column":72},"end":{"line":117,"column":2}}},"9":{"name":"(anonymous_17)","decl":{"start":{"line":101,"column":72},"end":{"line":101,"column":null}},"loc":{"start":{"line":101,"column":72},"end":{"line":117,"column":1}}}},"branchMap":{"0":{"loc":{"start":{"line":13,"column":28},"end":{"line":13,"column":70}},"type":"binary-expr","locations":[{"start":{"line":13,"column":28},"end":{"line":13,"column":64}},{"start":{"line":13,"column":68},"end":{"line":13,"column":70}}]},"1":{"loc":{"start":{"line":32,"column":13},"end":{"line":32,"column":29}},"type":"binary-expr","locations":[{"start":{"line":32,"column":13},"end":{"line":32,"column":21}},{"start":{"line":32,"column":25},"end":{"line":32,"column":29}}]},"2":{"loc":{"start":{"line":46,"column":2},"end":{"line":49,"column":null}},"type":"if","locations":[{"start":{"line":46,"column":2},"end":{"line":49,"column":null}},{"start":{},"end":{}}]},"3":{"loc":{"start":{"line":61,"column":18},"end":{"line":61,"column":39}},"type":"binary-expr","locations":[{"start":{"line":61,"column":18},"end":{"line":61,"column":33}},{"start":{"line":61,"column":37},"end":{"line":61,"column":39}}]},"4":{"loc":{"start":{"line":62,"column":23},"end":{"line":62,"column":49}},"type":"binary-expr","locations":[{"start":{"line":62,"column":23},"end":{"line":62,"column":43}},{"start":{"line":62,"column":47},"end":{"line":62,"column":49}}]},"5":{"loc":{"start":{"line":89,"column":4},"end":{"line":92,"column":null}},"type":"if","locations":[{"start":{"line":89,"column":4},"end":{"line":92,"column":null}},{"start":{},"end":{}}]},"6":{"loc":{"start":{"line":108,"column":4},"end":{"line":111,"column":null}},"type":"if","locations":[{"start":{"line":108,"column":4},"end":{"line":111,"column":null}},{"start":{},"end":{}}]}},"s":{"0":10,"1":10,"2":10,"3":10,"4":10,"5":10,"6":10,"7":2,"8":2,"9":2,"10":2,"11":2,"12":2,"13":2,"14":0,"15":10,"16":2,"17":2,"18":2,"19":2,"20":0,"21":10,"22":10,"23":7,"24":7,"25":7,"26":1,"27":1,"28":6,"29":6,"30":6,"31":6,"32":5,"33":1,"34":10,"35":4,"36":4,"37":4,"38":3,"39":1,"40":1,"41":2,"42":1,"43":10,"44":2,"45":2,"46":2,"47":2,"48":1,"49":1,"50":1,"51":0,"52":10},"f":{"0":2,"1":2,"2":2,"3":2,"4":7,"5":7,"6":4,"7":4,"8":2,"9":2},"b":{"0":[2,1],"1":[2,1],"2":[1,6],"3":[6,0],"4":[6,0],"5":[1,2],"6":[1,1]}}
}
