TN:
SF:src/app.ts
FN:26,(anonymous_7)
FN:41,(anonymous_8)
FN:50,(anonymous_9)
FN:52,(anonymous_10)
FN:56,(anonymous_11)
FNF:5
FNH:2
FNDA:1,(anonymous_7)
FNDA:1,(anonymous_8)
FNDA:0,(anonymous_9)
FNDA:0,(anonymous_10)
FNDA:0,(anonymous_11)
DA:1,10
DA:2,10
DA:3,10
DA:4,10
DA:5,10
DA:6,10
DA:7,10
DA:8,10
DA:9,10
DA:10,10
DA:11,10
DA:12,10
DA:14,10
DA:16,10
DA:17,10
DA:18,10
DA:20,10
DA:24,10
DA:26,10
DA:27,1
DA:30,10
DA:31,10
DA:32,10
DA:33,10
DA:34,10
DA:35,10
DA:37,10
DA:41,10
DA:42,1
DA:43,1
DA:47,10
DA:48,0
DA:51,0
DA:52,0
DA:53,0
DA:57,0
DA:58,0
DA:62,10
LF:38
LH:32
BRDA:17,0,0,10
BRDA:17,0,1,10
BRDA:18,1,0,10
BRDA:18,1,1,10
BRDA:21,2,0,10
BRDA:21,2,1,10
BRDA:47,3,0,0
BRDA:47,3,1,10
BRF:8
BRH:7
end_of_record
TN:
SF:src/instrument.ts
FNF:0
FNH:0
DA:1,12
DA:3,12
DA:4,1
LF:3
LH:3
BRDA:3,0,0,1
BRDA:3,0,1,11
BRDA:6,1,0,1
BRDA:6,1,1,0
BRF:4
BRH:3
end_of_record
TN:
SF:src/middleware/auth.ts
FN:8,(anonymous_1)
FNF:1
FNH:1
FNDA:81,(anonymous_1)
DA:2,10
DA:8,10
DA:9,81
DA:11,81
DA:12,5
DA:13,5
DA:16,76
DA:18,76
DA:19,76
DA:20,74
DA:21,74
DA:23,2
LF:12
LH:12
BRDA:11,0,0,5
BRDA:11,0,1,76
BRDA:11,1,0,81
BRDA:11,1,1,76
BRF:4
BRH:4
end_of_record
TN:
SF:src/models/Expense.ts
FNF:0
FNH:0
DA:1,10
DA:21,10
DA:42,10
DA:43,10
LF:4
LH:4
BRF:0
BRH:0
end_of_record
TN:
SF:src/models/NetWorth.ts
FN:40,(anonymous_1)
FNF:1
FNH:1
FNDA:6,(anonymous_1)
DA:1,11
DA:20,11
DA:40,11
DA:42,6
DA:48,6
DA:52,6
DA:55,11
DA:56,11
LF:8
LH:8
BRDA:42,0,0,6
BRDA:42,0,1,1
BRDA:42,1,0,0
BRDA:42,1,1,6
BRDA:42,2,0,6
BRDA:42,2,1,6
BRDA:43,3,0,6
BRDA:43,3,1,5
BRDA:43,4,0,0
BRDA:43,4,1,6
BRDA:43,5,0,6
BRDA:43,5,1,6
BRDA:44,6,0,6
BRDA:44,6,1,5
BRDA:44,7,0,0
BRDA:44,7,1,6
BRDA:44,8,0,6
BRDA:44,8,1,6
BRDA:45,9,0,6
BRDA:45,9,1,5
BRDA:45,10,0,0
BRDA:45,10,1,6
BRDA:45,11,0,6
BRDA:45,11,1,6
BRDA:48,12,0,6
BRDA:48,12,1,4
BRDA:48,13,0,0
BRDA:48,13,1,6
BRDA:48,14,0,6
BRDA:48,14,1,6
BRDA:49,15,0,6
BRDA:49,15,1,5
BRDA:49,16,0,0
BRDA:49,16,1,6
BRDA:49,17,0,6
BRDA:49,17,1,6
BRDA:50,18,0,6
BRDA:50,18,1,5
BRDA:50,19,0,0
BRDA:50,19,1,6
BRDA:50,20,0,6
BRDA:50,20,1,6
BRF:42
BRH:35
end_of_record
TN:
SF:src/models/User.ts
FN:26,(anonymous_8)
FN:32,(anonymous_10)
FNF:2
FNH:2
FNDA:11,(anonymous_8)
FNDA:2,(anonymous_10)
DA:1,10
DA:2,10
DA:17,10
DA:26,10
DA:27,11
DA:28,11
DA:29,11
DA:32,10
DA:33,2
DA:36,10
DA:37,10
LF:11
LH:11
BRDA:27,0,0,0
BRDA:27,0,1,11
BRF:2
BRH:1
end_of_record
TN:
SF:src/routes/auth.ts
FN:8,(anonymous_8)
FN:18,(anonymous_9)
FN:18,(anonymous_10)
FN:48,(anonymous_11)
FN:48,(anonymous_12)
FNF:5
FNH:5
FNDA:6,(anonymous_8)
FNDA:8,(anonymous_9)
FNDA:8,(anonymous_10)
FNDA:3,(anonymous_11)
FNDA:3,(anonymous_12)
DA:1,10
DA:2,10
DA:3,10
DA:4,10
DA:6,10
DA:8,10
DA:9,6
DA:12,10
DA:18,8
DA:19,8
DA:20,8
DA:21,2
DA:22,2
DA:25,6
DA:26,6
DA:27,6
DA:28,6
DA:29,1
DA:30,1
DA:32,5
DA:33,5
DA:34,5
DA:36,0
DA:42,10
DA:48,3
DA:49,3
DA:50,3
DA:51,0
DA:52,0
DA:55,3
DA:56,3
DA:57,3
DA:58,3
DA:59,2
DA:60,2
DA:62,1
DA:63,1
DA:65,0
DA:70,10
LF:39
LH:35
BRDA:20,0,0,2
BRDA:20,0,1,6
BRDA:28,1,0,1
BRDA:28,1,1,5
BRDA:50,2,0,0
BRDA:50,2,1,3
BRDA:58,3,0,2
BRDA:58,3,1,1
BRDA:58,4,0,3
BRDA:58,4,1,2
BRF:10
BRH:9
end_of_record
TN:
SF:src/routes/budgets.ts
FN:11,(anonymous_8)
FN:11,(anonymous_9)
FN:32,(anonymous_10)
FN:32,(anonymous_11)
FN:40,(anonymous_12)
FNF:5
FNH:5
FNDA:1,(anonymous_8)
FNDA:1,(anonymous_9)
FNDA:4,(anonymous_10)
FNDA:4,(anonymous_11)
FNDA:4,(anonymous_12)
DA:1,10
DA:2,10
DA:3,10
DA:4,10
DA:6,10
DA:8,10
DA:11,10
DA:12,1
DA:13,1
DA:14,1
DA:15,0
DA:16,0
DA:18,1
DA:20,0
DA:25,10
DA:32,4
DA:33,4
DA:34,4
DA:35,1
DA:36,1
DA:38,3
DA:39,3
DA:40,4
DA:42,3
DA:43,3
DA:45,0
DA:50,10
LF:27
LH:23
BRDA:14,0,0,0
BRDA:14,0,1,1
BRDA:18,1,0,1
BRDA:18,1,1,0
BRDA:34,2,0,1
BRDA:34,2,1,3
BRF:6
BRH:4
end_of_record
TN:
SF:src/routes/expenses.ts
FN:12,(anonymous_8)
FN:34,(anonymous_9)
FN:34,(anonymous_10)
FN:57,(anonymous_11)
FN:57,(anonymous_12)
FN:71,(anonymous_13)
FN:71,(anonymous_14)
FN:95,(anonymous_15)
FN:95,(anonymous_16)
FN:125,(anonymous_17)
FN:125,(anonymous_18)
FNF:11
FNH:11
FNDA:13,(anonymous_8)
FNDA:3,(anonymous_9)
FNDA:3,(anonymous_10)
FNDA:2,(anonymous_11)
FNDA:2,(anonymous_12)
FNDA:28,(anonymous_13)
FNDA:28,(anonymous_14)
FNDA:5,(anonymous_15)
FNDA:5,(anonymous_16)
FNDA:2,(anonymous_17)
FNDA:2,(anonymous_18)
DA:1,9
DA:2,9
DA:3,9
DA:4,9
DA:6,9
DA:8,9
DA:10,9
DA:13,13
DA:14,13
DA:15,12
DA:16,11
DA:17,11
DA:18,15
DA:19,15
DA:20,14
DA:21,13
DA:22,13
DA:23,11
DA:25,7
DA:28,9
DA:34,9
DA:35,3
DA:36,3
DA:37,3
DA:38,3
DA:40,3
DA:49,3
DA:50,3
DA:52,0
DA:57,9
DA:58,2
DA:59,2
DA:60,2
DA:61,1
DA:62,1
DA:64,1
DA:66,0
DA:71,28
DA:72,28
DA:73,28
DA:74,4
DA:75,4
DA:77,24
DA:78,24
DA:79,24
DA:86,24
DA:87,24
DA:88,24
DA:90,0
DA:95,9
DA:96,5
DA:97,5
DA:98,2
DA:99,2
DA:101,3
DA:102,3
DA:103,3
DA:104,3
DA:105,3
DA:106,3
DA:107,3
DA:112,3
DA:113,1
DA:114,1
DA:117,2
DA:118,2
DA:120,0
DA:125,9
DA:126,2
DA:127,2
DA:128,2
DA:129,1
DA:130,1
DA:132,1
DA:134,0
DA:138,9
LF:76
LH:71
BRDA:13,0,0,0
BRDA:13,0,1,13
BRDA:13,1,0,13
BRDA:13,1,1,13
BRDA:14,2,0,1
BRDA:14,2,1,12
BRDA:15,3,0,1
BRDA:15,3,1,11
BRDA:18,4,0,0
BRDA:18,4,1,15
BRDA:19,5,0,1
BRDA:19,5,1,14
BRDA:20,6,0,1
BRDA:20,6,1,13
BRDA:22,7,0,2
BRDA:22,7,1,11
BRDA:36,8,0,3
BRDA:36,8,1,2
BRDA:37,9,0,3
BRDA:37,9,1,2
BRDA:60,10,0,1
BRDA:60,10,1,1
BRDA:73,11,0,4
BRDA:73,11,1,24
BRDA:82,12,0,6
BRDA:82,12,1,18
BRDA:83,13,0,24
BRDA:83,13,1,0
BRDA:84,14,0,24
BRDA:84,14,1,0
BRDA:97,15,0,2
BRDA:97,15,1,3
BRDA:104,16,0,1
BRDA:104,16,1,2
BRDA:105,17,0,0
BRDA:105,17,1,3
BRDA:106,18,0,0
BRDA:106,18,1,3
BRDA:112,19,0,1
BRDA:112,19,1,2
BRDA:128,20,0,1
BRDA:128,20,1,1
BRF:42
BRH:36
end_of_record
TN:
SF:src/routes/export.ts
FN:10,(anonymous_8)
FN:10,(anonymous_9)
FN:34,(anonymous_10)
FN:45,(anonymous_11)
FN:47,(anonymous_12)
FNF:5
FNH:5
FNDA:7,(anonymous_8)
FNDA:7,(anonymous_9)
FNDA:4,(anonymous_10)
FNDA:10,(anonymous_11)
FNDA:60,(anonymous_12)
DA:1,10
DA:2,10
DA:3,10
DA:5,10
DA:7,10
DA:10,10
DA:11,7
DA:12,7
DA:15,7
DA:16,7
DA:17,1
DA:18,1
DA:19,1
DA:20,1
DA:21,1
DA:22,1
DA:25,7
DA:28,7
DA:33,6
DA:34,6
DA:44,6
DA:46,10
DA:49,60
DA:50,60
DA:51,1
DA:53,59
DA:60,6
DA:61,6
DA:62,6
DA:63,6
DA:65,1
DA:69,10
LF:32
LH:32
BRDA:16,0,0,1
BRDA:16,0,1,6
BRDA:16,1,0,7
BRDA:16,1,1,6
BRDA:18,2,0,1
BRDA:18,2,1,0
BRDA:19,3,0,1
BRDA:19,3,1,0
BRDA:25,4,0,1
BRDA:25,4,1,6
BRDA:35,5,0,4
BRDA:35,5,1,0
BRDA:36,6,0,4
BRDA:36,6,1,0
BRDA:37,7,0,4
BRDA:37,7,1,0
BRDA:38,8,0,4
BRDA:38,8,1,0
BRDA:39,9,0,4
BRDA:39,9,1,0
BRDA:40,10,0,4
BRDA:40,10,1,3
BRDA:40,11,0,0
BRDA:40,11,1,4
BRDA:40,12,0,4
BRDA:40,12,1,4
BRDA:50,13,0,1
BRDA:50,13,1,59
BRDA:50,14,0,60
BRDA:50,14,1,59
BRDA:50,14,2,59
BRF:31
BRH:23
end_of_record
TN:
SF:src/routes/import.ts
FN:13,(anonymous_8)
FN:22,parseAmount
FN:28,parseDate
FN:34,(anonymous_11)
FN:34,(anonymous_12)
FN:59,(anonymous_13)
FN:61,(anonymous_14)
FNF:7
FNH:7
FNDA:4,(anonymous_8)
FNDA:8,parseAmount
FNDA:8,parseDate
FNDA:5,(anonymous_11)
FNDA:5,(anonymous_12)
FNDA:9,(anonymous_13)
FNDA:45,(anonymous_14)
DA:1,10
DA:2,10
DA:3,10
DA:4,10
DA:5,10
DA:7,10
DA:8,10
DA:10,10
DA:14,4
DA:15,4
DA:17,0
DA:23,8
DA:24,8
DA:25,8
DA:29,8
DA:30,8
DA:34,10
DA:35,5
DA:36,1
DA:37,1
DA:41,4
DA:42,4
DA:48,0
DA:49,0
DA:52,4
DA:53,4
DA:54,4
DA:55,4
DA:56,4
DA:59,4
DA:60,9
DA:61,45
DA:62,9
DA:65,4
DA:66,9
DA:67,9
DA:69,9
DA:70,9
DA:71,9
DA:72,9
DA:73,9
DA:74,9
DA:76,9
DA:77,1
DA:78,1
DA:79,1
DA:82,8
DA:83,8
DA:84,0
DA:85,0
DA:86,0
DA:89,8
DA:90,8
DA:91,1
DA:92,1
DA:93,1
DA:97,7
DA:99,7
DA:100,3
DA:101,4
DA:102,4
DA:104,0
DA:108,7
DA:115,7
DA:116,2
DA:117,2
DA:120,5
DA:129,5
DA:132,4
DA:133,3
DA:136,4
DA:139,10
LF:72
LH:65
BRDA:14,0,0,4
BRDA:14,0,1,0
BRDA:14,1,0,4
BRDA:14,1,1,0
BRDA:25,2,0,1
BRDA:25,2,1,7
BRDA:30,3,0,0
BRDA:30,3,1,8
BRDA:35,4,0,1
BRDA:35,4,1,4
BRDA:69,5,0,9
BRDA:69,5,1,1
BRDA:69,5,2,1
BRDA:69,5,3,1
BRDA:70,6,0,9
BRDA:70,6,1,0
BRDA:70,6,2,0
BRDA:70,6,3,0
BRDA:71,7,0,9
BRDA:71,7,1,0
BRDA:71,7,2,0
BRDA:72,8,0,9
BRDA:72,8,1,0
BRDA:73,9,0,9
BRDA:73,9,1,0
BRDA:74,10,0,9
BRDA:74,10,1,9
BRDA:74,10,2,9
BRDA:76,11,0,1
BRDA:76,11,1,8
BRDA:76,12,0,9
BRDA:76,12,1,8
BRDA:83,13,0,0
BRDA:83,13,1,8
BRDA:90,14,0,1
BRDA:90,14,1,7
BRDA:99,15,0,3
BRDA:99,15,1,4
BRDA:99,16,0,7
BRDA:99,16,1,4
BRDA:101,17,0,4
BRDA:101,17,1,0
BRDA:101,18,0,4
BRDA:101,18,1,0
BRDA:104,19,0,0
BRDA:104,19,1,0
BRDA:115,20,0,2
BRDA:115,20,1,5
BRDA:126,21,0,5
BRDA:126,21,1,0
BRDA:127,22,0,5
BRDA:127,22,1,5
BRDA:132,23,0,3
BRDA:132,23,1,1
BRF:54
BRH:38
end_of_record
TN:
SF:src/routes/net-worth.ts
FN:11,(anonymous_8)
FN:11,(anonymous_9)
FN:29,(anonymous_10)
FN:29,(anonymous_11)
FN:44,(anonymous_12)
FN:44,(anonymous_13)
FN:76,(anonymous_14)
FN:76,(anonymous_15)
FN:101,(anonymous_16)
FN:101,(anonymous_17)
FNF:10
FNH:10
FNDA:2,(anonymous_8)
FNDA:2,(anonymous_9)
FNDA:2,(anonymous_10)
FNDA:2,(anonymous_11)
FNDA:7,(anonymous_12)
FNDA:7,(anonymous_13)
FNDA:4,(anonymous_14)
FNDA:4,(anonymous_15)
FNDA:2,(anonymous_16)
FNDA:2,(anonymous_17)
DA:1,10
DA:2,10
DA:3,10
DA:4,10
DA:6,10
DA:8,10
DA:11,10
DA:12,2
DA:13,2
DA:14,2
DA:15,2
DA:17,2
DA:22,2
DA:24,0
DA:29,10
DA:30,2
DA:31,2
DA:32,2
DA:34,0
DA:39,10
DA:44,10
DA:45,7
DA:46,7
DA:47,1
DA:48,1
DA:51,6
DA:52,6
DA:53,6
DA:56,6
DA:69,5
DA:71,1
DA:76,10
DA:77,4
DA:78,4
DA:89,3
DA:90,1
DA:91,1
DA:94,2
DA:96,1
DA:101,10
DA:102,2
DA:103,2
DA:108,2
DA:109,1
DA:110,1
DA:113,1
DA:115,0
DA:119,10
LF:48
LH:45
BRDA:13,0,0,2
BRDA:13,0,1,1
BRDA:32,1,0,2
BRDA:32,1,1,1
BRDA:46,2,0,1
BRDA:46,2,1,6
BRDA:61,3,0,6
BRDA:61,3,1,0
BRDA:62,4,0,6
BRDA:62,4,1,0
BRDA:89,5,0,1
BRDA:89,5,1,2
BRDA:108,6,0,1
BRDA:108,6,1,1
BRF:14
BRH:12
end_of_record
